{"/Users/mk/workspace/fragments-user/lib/fragments-user.js":{"path":"/Users/mk/workspace/fragments-user/lib/fragments-user.js","s":{"1":1,"2":1,"3":1,"4":2432,"5":2432,"6":2432,"7":39,"8":39,"9":51,"10":51,"11":51,"12":39,"13":39,"14":1},"b":{"1":[39,2393],"2":[2432,39],"3":[17,34]},"f":{"1":2432,"2":39,"3":51},"fnMap":{"1":{"name":"(anonymous_1)","line":6,"loc":{"start":{"line":6,"column":15},"end":{"line":6,"column":29}}},"2":{"name":"(anonymous_2)","line":10,"loc":{"start":{"line":10,"column":14},"end":{"line":10,"column":44}}},"3":{"name":"(anonymous_3)","line":11,"loc":{"start":{"line":11,"column":13},"end":{"line":11,"column":24}}}},"statementMap":{"1":{"start":{"line":1,"column":0},"end":{"line":2,"column":19}},"2":{"start":{"line":4,"column":0},"end":{"line":4,"column":27}},"3":{"start":{"line":6,"column":0},"end":{"line":20,"column":2}},"4":{"start":{"line":7,"column":2},"end":{"line":7,"column":22}},"5":{"start":{"line":8,"column":2},"end":{"line":8,"column":27}},"6":{"start":{"line":9,"column":2},"end":{"line":19,"column":3}},"7":{"start":{"line":10,"column":4},"end":{"line":16,"column":6}},"8":{"start":{"line":11,"column":6},"end":{"line":15,"column":8}},"9":{"start":{"line":12,"column":8},"end":{"line":12,"column":17}},"10":{"start":{"line":13,"column":8},"end":{"line":13,"column":69}},"11":{"start":{"line":14,"column":8},"end":{"line":14,"column":104}},"12":{"start":{"line":17,"column":4},"end":{"line":17,"column":53}},"13":{"start":{"line":18,"column":4},"end":{"line":18,"column":19}},"14":{"start":{"line":22,"column":0},"end":{"line":22,"column":73}}},"branchMap":{"1":{"line":9,"type":"if","locations":[{"start":{"line":9,"column":2},"end":{"line":9,"column":2}},{"start":{"line":9,"column":2},"end":{"line":9,"column":2}}]},"2":{"line":9,"type":"binary-expr","locations":[{"start":{"line":9,"column":7},"end":{"line":9,"column":32}},{"start":{"line":9,"column":38},"end":{"line":9,"column":64}}]},"3":{"line":13,"type":"cond-expr","locations":[{"start":{"line":13,"column":39},"end":{"line":13,"column":63}},{"start":{"line":13,"column":66},"end":{"line":13,"column":68}}]}}},"/Users/mk/workspace/fragments-user/lib/factories/access-control.js":{"path":"/Users/mk/workspace/fragments-user/lib/factories/access-control.js","s":{"1":1,"2":1,"3":54,"4":54,"5":54,"6":8,"7":46,"8":46,"9":1,"10":45,"11":1,"12":6,"13":35,"14":35,"15":90,"16":90,"17":55,"18":35,"19":1,"20":5,"21":34,"22":34,"23":34,"24":52,"25":52,"26":52,"27":52,"28":29,"29":52,"30":34,"31":1,"32":5,"33":34,"34":1,"35":0,"36":0,"37":0,"38":1,"39":39,"40":5,"41":34,"42":1,"43":5,"44":17,"45":17,"46":0,"47":17,"48":17,"49":0,"50":17,"51":0,"52":17,"53":1,"54":39,"55":51,"56":51,"57":51,"58":51,"59":51,"60":8,"61":43,"62":77,"63":1,"64":0,"65":0},"b":{"1":[46,8],"2":[8,46],"3":[1,45],"4":[52,0],"5":[29,23],"6":[0,0],"7":[5,34],"8":[0,17],"9":[0,17],"10":[0,17],"11":[17,34],"12":[8,43]},"f":{"1":54,"2":46,"3":6,"4":35,"5":90,"6":90,"7":55,"8":5,"9":34,"10":52,"11":5,"12":34,"13":0,"14":39,"15":5,"16":17,"17":39,"18":51,"19":77,"20":0,"21":0},"fnMap":{"1":{"name":"(anonymous_1)","line":3,"loc":{"start":{"line":3,"column":29},"end":{"line":3,"column":66}}},"2":{"name":"(anonymous_2)","line":9,"loc":{"start":{"line":9,"column":35},"end":{"line":9,"column":50}}},"3":{"name":"(anonymous_3)","line":17,"loc":{"start":{"line":17,"column":43},"end":{"line":17,"column":55}}},"4":{"name":"(anonymous_4)","line":18,"loc":{"start":{"line":18,"column":9},"end":{"line":18,"column":26}}},"5":{"name":"(anonymous_5)","line":20,"loc":{"start":{"line":20,"column":37},"end":{"line":20,"column":49}}},"6":{"name":"(anonymous_6)","line":22,"loc":{"start":{"line":22,"column":14},"end":{"line":22,"column":26}}},"7":{"name":"(anonymous_7)","line":24,"loc":{"start":{"line":24,"column":14},"end":{"line":24,"column":26}}},"8":{"name":"(anonymous_8)","line":31,"loc":{"start":{"line":31,"column":43},"end":{"line":31,"column":64}}},"9":{"name":"(anonymous_9)","line":32,"loc":{"start":{"line":32,"column":9},"end":{"line":32,"column":31}}},"10":{"name":"(anonymous_10)","line":35,"loc":{"start":{"line":35,"column":24},"end":{"line":35,"column":41}}},"11":{"name":"(anonymous_11)","line":49,"loc":{"start":{"line":49,"column":44},"end":{"line":49,"column":107}}},"12":{"name":"(anonymous_12)","line":50,"loc":{"start":{"line":50,"column":9},"end":{"line":50,"column":26}}},"13":{"name":"(anonymous_13)","line":55,"loc":{"start":{"line":55,"column":36},"end":{"line":55,"column":85}}},"14":{"name":"(anonymous_14)","line":62,"loc":{"start":{"line":62,"column":37},"end":{"line":62,"column":87}}},"15":{"name":"(anonymous_15)","line":69,"loc":{"start":{"line":69,"column":33},"end":{"line":69,"column":44}}},"16":{"name":"(anonymous_16)","line":70,"loc":{"start":{"line":70,"column":9},"end":{"line":70,"column":25}}},"17":{"name":"(anonymous_17)","line":86,"loc":{"start":{"line":86,"column":37},"end":{"line":86,"column":93}}},"18":{"name":"(anonymous_18)","line":87,"loc":{"start":{"line":87,"column":9},"end":{"line":87,"column":20}}},"19":{"name":"(anonymous_19)","line":95,"loc":{"start":{"line":95,"column":34},"end":{"line":95,"column":54}}},"20":{"name":"(anonymous_20)","line":101,"loc":{"start":{"line":101,"column":38},"end":{"line":101,"column":68}}},"21":{"name":"(anonymous_21)","line":102,"loc":{"start":{"line":102,"column":9},"end":{"line":102,"column":25}}}},"statementMap":{"1":{"start":{"line":1,"column":0},"end":{"line":1,"column":21}},"2":{"start":{"line":3,"column":0},"end":{"line":15,"column":2}},"3":{"start":{"line":4,"column":2},"end":{"line":4,"column":9}},"4":{"start":{"line":5,"column":2},"end":{"line":5,"column":41}},"5":{"start":{"line":6,"column":2},"end":{"line":8,"column":3}},"6":{"start":{"line":7,"column":4},"end":{"line":7,"column":16}},"7":{"start":{"line":9,"column":2},"end":{"line":14,"column":5}},"8":{"start":{"line":10,"column":4},"end":{"line":12,"column":5}},"9":{"start":{"line":11,"column":6},"end":{"line":11,"column":18}},"10":{"start":{"line":13,"column":4},"end":{"line":13,"column":36}},"11":{"start":{"line":17,"column":0},"end":{"line":29,"column":2}},"12":{"start":{"line":18,"column":2},"end":{"line":28,"column":4}},"13":{"start":{"line":19,"column":4},"end":{"line":19,"column":16}},"14":{"start":{"line":20,"column":4},"end":{"line":26,"column":7}},"15":{"start":{"line":21,"column":6},"end":{"line":21,"column":22}},"16":{"start":{"line":23,"column":6},"end":{"line":23,"column":22}},"17":{"start":{"line":25,"column":6},"end":{"line":25,"column":33}},"18":{"start":{"line":27,"column":4},"end":{"line":27,"column":27}},"19":{"start":{"line":31,"column":0},"end":{"line":47,"column":2}},"20":{"start":{"line":32,"column":2},"end":{"line":46,"column":4}},"21":{"start":{"line":33,"column":4},"end":{"line":33,"column":21}},"22":{"start":{"line":34,"column":4},"end":{"line":34,"column":22}},"23":{"start":{"line":35,"column":4},"end":{"line":44,"column":7}},"24":{"start":{"line":36,"column":6},"end":{"line":36,"column":16}},"25":{"start":{"line":37,"column":6},"end":{"line":37,"column":33}},"26":{"start":{"line":38,"column":6},"end":{"line":43,"column":7}},"27":{"start":{"line":39,"column":8},"end":{"line":41,"column":9}},"28":{"start":{"line":40,"column":10},"end":{"line":40,"column":40}},"29":{"start":{"line":42,"column":8},"end":{"line":42,"column":57}},"30":{"start":{"line":45,"column":4},"end":{"line":45,"column":24}},"31":{"start":{"line":49,"column":0},"end":{"line":53,"column":2}},"32":{"start":{"line":50,"column":2},"end":{"line":52,"column":4}},"33":{"start":{"line":51,"column":4},"end":{"line":51,"column":72}},"34":{"start":{"line":55,"column":0},"end":{"line":60,"column":2}},"35":{"start":{"line":56,"column":2},"end":{"line":58,"column":3}},"36":{"start":{"line":57,"column":4},"end":{"line":57,"column":14}},"37":{"start":{"line":59,"column":2},"end":{"line":59,"column":55}},"38":{"start":{"line":62,"column":0},"end":{"line":67,"column":2}},"39":{"start":{"line":63,"column":2},"end":{"line":65,"column":3}},"40":{"start":{"line":64,"column":4},"end":{"line":64,"column":14}},"41":{"start":{"line":66,"column":2},"end":{"line":66,"column":56}},"42":{"start":{"line":69,"column":0},"end":{"line":84,"column":2}},"43":{"start":{"line":70,"column":2},"end":{"line":83,"column":4}},"44":{"start":{"line":71,"column":4},"end":{"line":71,"column":20}},"45":{"start":{"line":72,"column":4},"end":{"line":74,"column":5}},"46":{"start":{"line":73,"column":6},"end":{"line":73,"column":19}},"47":{"start":{"line":75,"column":4},"end":{"line":75,"column":38}},"48":{"start":{"line":76,"column":4},"end":{"line":78,"column":5}},"49":{"start":{"line":77,"column":6},"end":{"line":77,"column":19}},"50":{"start":{"line":79,"column":4},"end":{"line":81,"column":5}},"51":{"start":{"line":80,"column":6},"end":{"line":80,"column":19}},"52":{"start":{"line":82,"column":4},"end":{"line":82,"column":23}},"53":{"start":{"line":86,"column":0},"end":{"line":99,"column":2}},"54":{"start":{"line":87,"column":2},"end":{"line":98,"column":4}},"55":{"start":{"line":88,"column":4},"end":{"line":88,"column":36}},"56":{"start":{"line":89,"column":4},"end":{"line":89,"column":87}},"57":{"start":{"line":90,"column":4},"end":{"line":90,"column":37}},"58":{"start":{"line":91,"column":4},"end":{"line":91,"column":48}},"59":{"start":{"line":92,"column":4},"end":{"line":94,"column":5}},"60":{"start":{"line":93,"column":6},"end":{"line":93,"column":19}},"61":{"start":{"line":95,"column":4},"end":{"line":97,"column":7}},"62":{"start":{"line":96,"column":6},"end":{"line":96,"column":40}},"63":{"start":{"line":101,"column":0},"end":{"line":105,"column":2}},"64":{"start":{"line":102,"column":2},"end":{"line":104,"column":4}},"65":{"start":{"line":103,"column":4},"end":{"line":103,"column":38}}},"branchMap":{"1":{"line":5,"type":"cond-expr","locations":[{"start":{"line":5,"column":23},"end":{"line":5,"column":31}},{"start":{"line":5,"column":34},"end":{"line":5,"column":40}}]},"2":{"line":6,"type":"if","locations":[{"start":{"line":6,"column":2},"end":{"line":6,"column":2}},{"start":{"line":6,"column":2},"end":{"line":6,"column":2}}]},"3":{"line":10,"type":"if","locations":[{"start":{"line":10,"column":4},"end":{"line":10,"column":4}},{"start":{"line":10,"column":4},"end":{"line":10,"column":4}}]},"4":{"line":38,"type":"if","locations":[{"start":{"line":38,"column":6},"end":{"line":38,"column":6}},{"start":{"line":38,"column":6},"end":{"line":38,"column":6}}]},"5":{"line":39,"type":"if","locations":[{"start":{"line":39,"column":8},"end":{"line":39,"column":8}},{"start":{"line":39,"column":8},"end":{"line":39,"column":8}}]},"6":{"line":56,"type":"if","locations":[{"start":{"line":56,"column":2},"end":{"line":56,"column":2}},{"start":{"line":56,"column":2},"end":{"line":56,"column":2}}]},"7":{"line":63,"type":"if","locations":[{"start":{"line":63,"column":2},"end":{"line":63,"column":2}},{"start":{"line":63,"column":2},"end":{"line":63,"column":2}}]},"8":{"line":72,"type":"if","locations":[{"start":{"line":72,"column":4},"end":{"line":72,"column":4}},{"start":{"line":72,"column":4},"end":{"line":72,"column":4}}]},"9":{"line":76,"type":"if","locations":[{"start":{"line":76,"column":4},"end":{"line":76,"column":4}},{"start":{"line":76,"column":4},"end":{"line":76,"column":4}}]},"10":{"line":79,"type":"if","locations":[{"start":{"line":79,"column":4},"end":{"line":79,"column":4}},{"start":{"line":79,"column":4},"end":{"line":79,"column":4}}]},"11":{"line":89,"type":"cond-expr","locations":[{"start":{"line":89,"column":57},"end":{"line":89,"column":81}},{"start":{"line":89,"column":84},"end":{"line":89,"column":86}}]},"12":{"line":92,"type":"if","locations":[{"start":{"line":92,"column":4},"end":{"line":92,"column":4}},{"start":{"line":92,"column":4},"end":{"line":92,"column":4}}]}}},"/Users/mk/workspace/fragments-user/lib/factories/api-current-user-delete.js":{"path":"/Users/mk/workspace/fragments-user/lib/factories/api-current-user-delete.js","s":{"1":1,"2":10,"3":2,"4":1,"5":1,"6":1},"b":{"1":[1,1]},"f":{"1":10,"2":2,"3":1},"fnMap":{"1":{"name":"(anonymous_1)","line":1,"loc":{"start":{"line":1,"column":38},"end":{"line":1,"column":74}}},"2":{"name":"(anonymous_2)","line":2,"loc":{"start":{"line":2,"column":37},"end":{"line":2,"column":110}}},"3":{"name":"(anonymous_3)","line":6,"loc":{"start":{"line":6,"column":50},"end":{"line":6,"column":61}}}},"statementMap":{"1":{"start":{"line":1,"column":0},"end":{"line":10,"column":2}},"2":{"start":{"line":2,"column":2},"end":{"line":9,"column":5}},"3":{"start":{"line":3,"column":4},"end":{"line":5,"column":5}},"4":{"start":{"line":4,"column":6},"end":{"line":4,"column":41}},"5":{"start":{"line":6,"column":4},"end":{"line":8,"column":7}},"6":{"start":{"line":7,"column":6},"end":{"line":7,"column":19}}},"branchMap":{"1":{"line":3,"type":"if","locations":[{"start":{"line":3,"column":4},"end":{"line":3,"column":4}},{"start":{"line":3,"column":4},"end":{"line":3,"column":4}}]}}},"/Users/mk/workspace/fragments-user/lib/factories/api-current-user-get.js":{"path":"/Users/mk/workspace/fragments-user/lib/factories/api-current-user-get.js","s":{"1":1,"2":10,"3":6,"4":2,"5":4},"b":{"1":[2,4]},"f":{"1":10,"2":6},"fnMap":{"1":{"name":"(anonymous_1)","line":1,"loc":{"start":{"line":1,"column":35},"end":{"line":1,"column":68}}},"2":{"name":"(anonymous_2)","line":2,"loc":{"start":{"line":2,"column":34},"end":{"line":2,"column":92}}}},"statementMap":{"1":{"start":{"line":1,"column":0},"end":{"line":8,"column":2}},"2":{"start":{"line":2,"column":2},"end":{"line":7,"column":5}},"3":{"start":{"line":3,"column":4},"end":{"line":5,"column":5}},"4":{"start":{"line":4,"column":6},"end":{"line":4,"column":41}},"5":{"start":{"line":6,"column":4},"end":{"line":6,"column":32}}},"branchMap":{"1":{"line":3,"type":"if","locations":[{"start":{"line":3,"column":4},"end":{"line":3,"column":4}},{"start":{"line":3,"column":4},"end":{"line":3,"column":4}}]}}},"/Users/mk/workspace/fragments-user/lib/factories/api-current-user-patch.js":{"path":"/Users/mk/workspace/fragments-user/lib/factories/api-current-user-patch.js","s":{"1":1,"2":10,"3":7,"4":1,"5":6,"6":6,"7":4,"8":2,"9":2,"10":2},"b":{"1":[1,6],"2":[4,2]},"f":{"1":10,"2":7,"3":6,"4":2},"fnMap":{"1":{"name":"(anonymous_1)","line":1,"loc":{"start":{"line":1,"column":37},"end":{"line":1,"column":72}}},"2":{"name":"(anonymous_2)","line":2,"loc":{"start":{"line":2,"column":36},"end":{"line":2,"column":175}}},"3":{"name":"(anonymous_3)","line":6,"loc":{"start":{"line":6,"column":57},"end":{"line":6,"column":74}}},"4":{"name":"(anonymous_4)","line":11,"loc":{"start":{"line":11,"column":58},"end":{"line":11,"column":76}}}},"statementMap":{"1":{"start":{"line":1,"column":0},"end":{"line":16,"column":2}},"2":{"start":{"line":2,"column":2},"end":{"line":15,"column":5}},"3":{"start":{"line":3,"column":4},"end":{"line":5,"column":5}},"4":{"start":{"line":4,"column":6},"end":{"line":4,"column":41}},"5":{"start":{"line":6,"column":4},"end":{"line":14,"column":7}},"6":{"start":{"line":7,"column":6},"end":{"line":9,"column":7}},"7":{"start":{"line":8,"column":8},"end":{"line":8,"column":44}},"8":{"start":{"line":10,"column":6},"end":{"line":10,"column":25}},"9":{"start":{"line":11,"column":6},"end":{"line":13,"column":9}},"10":{"start":{"line":12,"column":8},"end":{"line":12,"column":49}}},"branchMap":{"1":{"line":3,"type":"if","locations":[{"start":{"line":3,"column":4},"end":{"line":3,"column":4}},{"start":{"line":3,"column":4},"end":{"line":3,"column":4}}]},"2":{"line":7,"type":"if","locations":[{"start":{"line":7,"column":6},"end":{"line":7,"column":6}},{"start":{"line":7,"column":6},"end":{"line":7,"column":6}}]}}},"/Users/mk/workspace/fragments-user/lib/factories/api-login-post.js":{"path":"/Users/mk/workspace/fragments-user/lib/factories/api-login-post.js","s":{"1":1,"2":10,"3":16,"4":16,"5":16,"6":2,"7":2,"8":14,"9":14,"10":14,"11":3,"12":3,"13":11,"14":11},"b":{"1":[2,14],"2":[3,11]},"f":{"1":10,"2":16,"3":14},"fnMap":{"1":{"name":"(anonymous_1)","line":1,"loc":{"start":{"line":1,"column":26},"end":{"line":1,"column":101}}},"2":{"name":"(anonymous_2)","line":2,"loc":{"start":{"line":2,"column":29},"end":{"line":2,"column":97}}},"3":{"name":"(anonymous_3)","line":9,"loc":{"start":{"line":9,"column":42},"end":{"line":9,"column":57}}}},"statementMap":{"1":{"start":{"line":1,"column":0},"end":{"line":24,"column":2}},"2":{"start":{"line":2,"column":2},"end":{"line":23,"column":5}},"3":{"start":{"line":3,"column":4},"end":{"line":3,"column":15}},"4":{"start":{"line":4,"column":4},"end":{"line":4,"column":33}},"5":{"start":{"line":5,"column":4},"end":{"line":8,"column":5}},"6":{"start":{"line":6,"column":6},"end":{"line":6,"column":35}},"7":{"start":{"line":7,"column":6},"end":{"line":7,"column":13}},"8":{"start":{"line":9,"column":4},"end":{"line":22,"column":7}},"9":{"start":{"line":10,"column":6},"end":{"line":10,"column":16}},"10":{"start":{"line":11,"column":6},"end":{"line":14,"column":7}},"11":{"start":{"line":12,"column":8},"end":{"line":12,"column":83}},"12":{"start":{"line":13,"column":8},"end":{"line":13,"column":15}},"13":{"start":{"line":15,"column":6},"end":{"line":17,"column":9}},"14":{"start":{"line":18,"column":6},"end":{"line":21,"column":9}}},"branchMap":{"1":{"line":5,"type":"if","locations":[{"start":{"line":5,"column":4},"end":{"line":5,"column":4}},{"start":{"line":5,"column":4},"end":{"line":5,"column":4}}]},"2":{"line":11,"type":"if","locations":[{"start":{"line":11,"column":6},"end":{"line":11,"column":6}},{"start":{"line":11,"column":6},"end":{"line":11,"column":6}}]}}},"/Users/mk/workspace/fragments-user/lib/factories/api-signup-post.js":{"path":"/Users/mk/workspace/fragments-user/lib/factories/api-signup-post.js","s":{"1":1,"2":10,"3":6,"4":6,"5":5,"6":1,"7":1},"b":{"1":[5,1]},"f":{"1":10,"2":6,"3":6,"4":1},"fnMap":{"1":{"name":"(anonymous_1)","line":1,"loc":{"start":{"line":1,"column":27},"end":{"line":1,"column":56}}},"2":{"name":"(anonymous_2)","line":2,"loc":{"start":{"line":2,"column":30},"end":{"line":2,"column":133}}},"3":{"name":"(anonymous_3)","line":3,"loc":{"start":{"line":3,"column":37},"end":{"line":3,"column":54}}},"4":{"name":"(anonymous_4)","line":7,"loc":{"start":{"line":7,"column":35},"end":{"line":7,"column":54}}}},"statementMap":{"1":{"start":{"line":1,"column":0},"end":{"line":17,"column":2}},"2":{"start":{"line":2,"column":2},"end":{"line":16,"column":5}},"3":{"start":{"line":3,"column":4},"end":{"line":15,"column":7}},"4":{"start":{"line":4,"column":6},"end":{"line":6,"column":7}},"5":{"start":{"line":5,"column":8},"end":{"line":5,"column":44}},"6":{"start":{"line":7,"column":6},"end":{"line":14,"column":9}},"7":{"start":{"line":8,"column":8},"end":{"line":13,"column":11}}},"branchMap":{"1":{"line":4,"type":"if","locations":[{"start":{"line":4,"column":6},"end":{"line":4,"column":6}},{"start":{"line":4,"column":6},"end":{"line":4,"column":6}}]}}},"/Users/mk/workspace/fragments-user/lib/factories/api-user-delete.js":{"path":"/Users/mk/workspace/fragments-user/lib/factories/api-user-delete.js","s":{"1":1,"2":10,"3":7,"4":1,"5":6,"6":3,"7":3,"8":3,"9":1,"10":2},"b":{"1":[1,6],"2":[3,3],"3":[6,4],"4":[1,2]},"f":{"1":10,"2":7,"3":3},"fnMap":{"1":{"name":"(anonymous_1)","line":1,"loc":{"start":{"line":1,"column":31},"end":{"line":1,"column":61}}},"2":{"name":"(anonymous_2)","line":2,"loc":{"start":{"line":2,"column":36},"end":{"line":2,"column":173}}},"3":{"name":"(anonymous_3)","line":9,"loc":{"start":{"line":9,"column":45},"end":{"line":9,"column":63}}}},"statementMap":{"1":{"start":{"line":1,"column":0},"end":{"line":17,"column":2}},"2":{"start":{"line":2,"column":2},"end":{"line":16,"column":5}},"3":{"start":{"line":3,"column":4},"end":{"line":5,"column":5}},"4":{"start":{"line":4,"column":6},"end":{"line":4,"column":41}},"5":{"start":{"line":6,"column":4},"end":{"line":8,"column":5}},"6":{"start":{"line":7,"column":6},"end":{"line":7,"column":46}},"7":{"start":{"line":9,"column":4},"end":{"line":15,"column":7}},"8":{"start":{"line":10,"column":6},"end":{"line":14,"column":7}},"9":{"start":{"line":11,"column":8},"end":{"line":11,"column":24}},"10":{"start":{"line":13,"column":8},"end":{"line":13,"column":21}}},"branchMap":{"1":{"line":3,"type":"if","locations":[{"start":{"line":3,"column":4},"end":{"line":3,"column":4}},{"start":{"line":3,"column":4},"end":{"line":3,"column":4}}]},"2":{"line":6,"type":"if","locations":[{"start":{"line":6,"column":4},"end":{"line":6,"column":4}},{"start":{"line":6,"column":4},"end":{"line":6,"column":4}}]},"3":{"line":6,"type":"binary-expr","locations":[{"start":{"line":6,"column":10},"end":{"line":6,"column":26}},{"start":{"line":6,"column":30},"end":{"line":6,"column":55}}]},"4":{"line":10,"type":"if","locations":[{"start":{"line":10,"column":6},"end":{"line":10,"column":6}},{"start":{"line":10,"column":6},"end":{"line":10,"column":6}}]}}},"/Users/mk/workspace/fragments-user/lib/factories/api-user-get.js":{"path":"/Users/mk/workspace/fragments-user/lib/factories/api-user-get.js","s":{"1":1,"2":10,"3":7,"4":1,"5":6,"6":3,"7":3,"8":3,"9":2,"10":1},"b":{"1":[1,6],"2":[3,3],"3":[6,4],"4":[2,1]},"f":{"1":10,"2":7,"3":3},"fnMap":{"1":{"name":"(anonymous_1)","line":1,"loc":{"start":{"line":1,"column":28},"end":{"line":1,"column":55}}},"2":{"name":"(anonymous_2)","line":2,"loc":{"start":{"line":2,"column":33},"end":{"line":2,"column":184}}},"3":{"name":"(anonymous_3)","line":9,"loc":{"start":{"line":9,"column":44},"end":{"line":9,"column":59}}}},"statementMap":{"1":{"start":{"line":1,"column":0},"end":{"line":17,"column":2}},"2":{"start":{"line":2,"column":2},"end":{"line":16,"column":5}},"3":{"start":{"line":3,"column":4},"end":{"line":5,"column":5}},"4":{"start":{"line":4,"column":6},"end":{"line":4,"column":41}},"5":{"start":{"line":6,"column":4},"end":{"line":8,"column":5}},"6":{"start":{"line":7,"column":6},"end":{"line":7,"column":46}},"7":{"start":{"line":9,"column":4},"end":{"line":15,"column":7}},"8":{"start":{"line":10,"column":6},"end":{"line":14,"column":7}},"9":{"start":{"line":11,"column":8},"end":{"line":11,"column":43}},"10":{"start":{"line":13,"column":8},"end":{"line":13,"column":24}}},"branchMap":{"1":{"line":3,"type":"if","locations":[{"start":{"line":3,"column":4},"end":{"line":3,"column":4}},{"start":{"line":3,"column":4},"end":{"line":3,"column":4}}]},"2":{"line":6,"type":"if","locations":[{"start":{"line":6,"column":4},"end":{"line":6,"column":4}},{"start":{"line":6,"column":4},"end":{"line":6,"column":4}}]},"3":{"line":6,"type":"binary-expr","locations":[{"start":{"line":6,"column":10},"end":{"line":6,"column":23}},{"start":{"line":6,"column":27},"end":{"line":6,"column":49}}]},"4":{"line":10,"type":"if","locations":[{"start":{"line":10,"column":6},"end":{"line":10,"column":6}},{"start":{"line":10,"column":6},"end":{"line":10,"column":6}}]}}},"/Users/mk/workspace/fragments-user/lib/factories/api-user-patch.js":{"path":"/Users/mk/workspace/fragments-user/lib/factories/api-user-patch.js","s":{"1":1,"2":10,"3":12,"4":1,"5":11,"6":3,"7":8,"8":8,"9":4,"10":4,"11":4,"12":1,"13":3},"b":{"1":[1,11],"2":[3,8],"3":[11,9],"4":[4,4],"5":[1,3]},"f":{"1":10,"2":12,"3":8,"4":4},"fnMap":{"1":{"name":"(anonymous_1)","line":1,"loc":{"start":{"line":1,"column":30},"end":{"line":1,"column":59}}},"2":{"name":"(anonymous_2)","line":2,"loc":{"start":{"line":2,"column":35},"end":{"line":2,"column":237}}},"3":{"name":"(anonymous_3)","line":9,"loc":{"start":{"line":9,"column":52},"end":{"line":9,"column":69}}},"4":{"name":"(anonymous_4)","line":13,"loc":{"start":{"line":13,"column":53},"end":{"line":13,"column":71}}}},"statementMap":{"1":{"start":{"line":1,"column":0},"end":{"line":22,"column":2}},"2":{"start":{"line":2,"column":2},"end":{"line":21,"column":5}},"3":{"start":{"line":3,"column":4},"end":{"line":5,"column":5}},"4":{"start":{"line":4,"column":6},"end":{"line":4,"column":41}},"5":{"start":{"line":6,"column":4},"end":{"line":8,"column":5}},"6":{"start":{"line":7,"column":6},"end":{"line":7,"column":46}},"7":{"start":{"line":9,"column":4},"end":{"line":20,"column":7}},"8":{"start":{"line":10,"column":6},"end":{"line":12,"column":7}},"9":{"start":{"line":11,"column":8},"end":{"line":11,"column":44}},"10":{"start":{"line":13,"column":6},"end":{"line":19,"column":9}},"11":{"start":{"line":14,"column":8},"end":{"line":18,"column":9}},"12":{"start":{"line":15,"column":10},"end":{"line":15,"column":26}},"13":{"start":{"line":17,"column":10},"end":{"line":17,"column":51}}},"branchMap":{"1":{"line":3,"type":"if","locations":[{"start":{"line":3,"column":4},"end":{"line":3,"column":4}},{"start":{"line":3,"column":4},"end":{"line":3,"column":4}}]},"2":{"line":6,"type":"if","locations":[{"start":{"line":6,"column":4},"end":{"line":6,"column":4}},{"start":{"line":6,"column":4},"end":{"line":6,"column":4}}]},"3":{"line":6,"type":"binary-expr","locations":[{"start":{"line":6,"column":10},"end":{"line":6,"column":25}},{"start":{"line":6,"column":29},"end":{"line":6,"column":53}}]},"4":{"line":10,"type":"if","locations":[{"start":{"line":10,"column":6},"end":{"line":10,"column":6}},{"start":{"line":10,"column":6},"end":{"line":10,"column":6}}]},"5":{"line":14,"type":"if","locations":[{"start":{"line":14,"column":8},"end":{"line":14,"column":8}},{"start":{"line":14,"column":8},"end":{"line":14,"column":8}}]}}},"/Users/mk/workspace/fragments-user/lib/factories/api-users-get.js":{"path":"/Users/mk/workspace/fragments-user/lib/factories/api-users-get.js","s":{"1":1,"2":10,"3":5,"4":5,"5":1,"6":4,"7":1,"8":3,"9":3,"10":3,"11":3,"12":3,"13":3,"14":3,"15":3,"16":3,"17":1,"18":2,"19":2},"b":{"1":[1,4],"2":[1,3],"3":[1,2]},"f":{"1":10,"2":5,"3":2},"fnMap":{"1":{"name":"(anonymous_1)","line":1,"loc":{"start":{"line":1,"column":29},"end":{"line":1,"column":56}}},"2":{"name":"(anonymous_2)","line":2,"loc":{"start":{"line":2,"column":28},"end":{"line":2,"column":207}}},"3":{"name":"(anonymous_3)","line":28,"loc":{"start":{"line":28,"column":29},"end":{"line":28,"column":45}}}},"statementMap":{"1":{"start":{"line":1,"column":0},"end":{"line":33,"column":2}},"2":{"start":{"line":2,"column":2},"end":{"line":32,"column":5}},"3":{"start":{"line":3,"column":4},"end":{"line":3,"column":12}},"4":{"start":{"line":4,"column":4},"end":{"line":6,"column":5}},"5":{"start":{"line":5,"column":6},"end":{"line":5,"column":41}},"6":{"start":{"line":7,"column":4},"end":{"line":9,"column":5}},"7":{"start":{"line":8,"column":6},"end":{"line":8,"column":46}},"8":{"start":{"line":10,"column":4},"end":{"line":10,"column":20}},"9":{"start":{"line":11,"column":4},"end":{"line":11,"column":32}},"10":{"start":{"line":12,"column":4},"end":{"line":12,"column":33}},"11":{"start":{"line":13,"column":4},"end":{"line":17,"column":7}},"12":{"start":{"line":18,"column":4},"end":{"line":18,"column":40}},"13":{"start":{"line":19,"column":4},"end":{"line":19,"column":42}},"14":{"start":{"line":20,"column":4},"end":{"line":20,"column":41}},"15":{"start":{"line":21,"column":4},"end":{"line":21,"column":45}},"16":{"start":{"line":22,"column":4},"end":{"line":31,"column":5}},"17":{"start":{"line":23,"column":6},"end":{"line":26,"column":9}},"18":{"start":{"line":28,"column":6},"end":{"line":30,"column":9}},"19":{"start":{"line":29,"column":8},"end":{"line":29,"column":44}}},"branchMap":{"1":{"line":4,"type":"if","locations":[{"start":{"line":4,"column":4},"end":{"line":4,"column":4}},{"start":{"line":4,"column":4},"end":{"line":4,"column":4}}]},"2":{"line":7,"type":"if","locations":[{"start":{"line":7,"column":4},"end":{"line":7,"column":4}},{"start":{"line":7,"column":4},"end":{"line":7,"column":4}}]},"3":{"line":22,"type":"if","locations":[{"start":{"line":22,"column":4},"end":{"line":22,"column":4}},{"start":{"line":22,"column":4},"end":{"line":22,"column":4}}]}}},"/Users/mk/workspace/fragments-user/lib/factories/api-users-post.js":{"path":"/Users/mk/workspace/fragments-user/lib/factories/api-users-post.js","s":{"1":1,"2":10,"3":8,"4":1,"5":7,"6":1,"7":6,"8":6,"9":4,"10":2,"11":2,"12":2},"b":{"1":[1,7],"2":[1,6],"3":[4,2]},"f":{"1":10,"2":8,"3":6,"4":2},"fnMap":{"1":{"name":"(anonymous_1)","line":1,"loc":{"start":{"line":1,"column":30},"end":{"line":1,"column":58}}},"2":{"name":"(anonymous_2)","line":2,"loc":{"start":{"line":2,"column":29},"end":{"line":2,"column":246}}},"3":{"name":"(anonymous_3)","line":9,"loc":{"start":{"line":9,"column":41},"end":{"line":9,"column":58}}},"4":{"name":"(anonymous_4)","line":13,"loc":{"start":{"line":13,"column":35},"end":{"line":13,"column":54}}}},"statementMap":{"1":{"start":{"line":1,"column":0},"end":{"line":19,"column":2}},"2":{"start":{"line":2,"column":2},"end":{"line":18,"column":5}},"3":{"start":{"line":3,"column":4},"end":{"line":5,"column":5}},"4":{"start":{"line":4,"column":6},"end":{"line":4,"column":41}},"5":{"start":{"line":6,"column":4},"end":{"line":8,"column":5}},"6":{"start":{"line":7,"column":6},"end":{"line":7,"column":46}},"7":{"start":{"line":9,"column":4},"end":{"line":17,"column":7}},"8":{"start":{"line":10,"column":6},"end":{"line":12,"column":7}},"9":{"start":{"line":11,"column":8},"end":{"line":11,"column":44}},"10":{"start":{"line":13,"column":6},"end":{"line":16,"column":9}},"11":{"start":{"line":14,"column":8},"end":{"line":14,"column":52}},"12":{"start":{"line":15,"column":8},"end":{"line":15,"column":54}}},"branchMap":{"1":{"line":3,"type":"if","locations":[{"start":{"line":3,"column":4},"end":{"line":3,"column":4}},{"start":{"line":3,"column":4},"end":{"line":3,"column":4}}]},"2":{"line":6,"type":"if","locations":[{"start":{"line":6,"column":4},"end":{"line":6,"column":4}},{"start":{"line":6,"column":4},"end":{"line":6,"column":4}}]},"3":{"line":10,"type":"if","locations":[{"start":{"line":10,"column":6},"end":{"line":10,"column":6}},{"start":{"line":10,"column":6},"end":{"line":10,"column":6}}]}}},"/Users/mk/workspace/fragments-user/lib/factories/api-waitlist-post.js":{"path":"/Users/mk/workspace/fragments-user/lib/factories/api-waitlist-post.js","s":{"1":1,"2":0,"3":0,"4":0,"5":0,"6":0,"7":0},"b":{"1":[0,0]},"f":{"1":0,"2":0,"3":0,"4":0},"fnMap":{"1":{"name":"(anonymous_1)","line":1,"loc":{"start":{"line":1,"column":33},"end":{"line":1,"column":64}}},"2":{"name":"(anonymous_2)","line":2,"loc":{"start":{"line":2,"column":32},"end":{"line":2,"column":120}}},"3":{"name":"(anonymous_3)","line":3,"loc":{"start":{"line":3,"column":40},"end":{"line":3,"column":57}}},"4":{"name":"(anonymous_4)","line":7,"loc":{"start":{"line":7,"column":39},"end":{"line":7,"column":58}}}},"statementMap":{"1":{"start":{"line":1,"column":0},"end":{"line":12,"column":2}},"2":{"start":{"line":2,"column":2},"end":{"line":11,"column":5}},"3":{"start":{"line":3,"column":4},"end":{"line":10,"column":7}},"4":{"start":{"line":4,"column":6},"end":{"line":6,"column":7}},"5":{"start":{"line":5,"column":8},"end":{"line":5,"column":44}},"6":{"start":{"line":7,"column":6},"end":{"line":9,"column":9}},"7":{"start":{"line":8,"column":8},"end":{"line":8,"column":40}}},"branchMap":{"1":{"line":4,"type":"if","locations":[{"start":{"line":4,"column":6},"end":{"line":4,"column":6}},{"start":{"line":4,"column":6},"end":{"line":4,"column":6}}]}}},"/Users/mk/workspace/fragments-user/lib/factories/command.js":{"path":"/Users/mk/workspace/fragments-user/lib/factories/command.js","s":{"1":1,"2":2,"3":2,"4":2,"5":2,"6":2,"7":2,"8":2,"9":2,"10":1,"11":1,"12":1,"13":1,"14":1,"15":0,"16":2,"17":2,"18":1,"19":1,"20":1,"21":1,"22":0,"23":0,"24":1,"25":1,"26":1,"27":1,"28":1,"29":1,"30":1,"31":1,"32":1,"33":1,"34":1,"35":1,"36":1,"37":1,"38":0,"39":0,"40":1,"41":1,"42":1,"43":1,"44":1,"45":1,"46":1,"47":0,"48":1,"49":1,"50":1,"51":1,"52":1,"53":1,"54":0,"55":0,"56":1,"57":1,"58":1,"59":1,"60":1,"61":1,"62":1,"63":1,"64":1,"65":1,"66":1,"67":0,"68":0,"69":0,"70":1,"71":1,"72":0,"73":0,"74":0,"75":0,"76":0,"77":0,"78":0,"79":0,"80":0,"81":0,"82":0,"83":0,"84":0,"85":0,"86":1,"87":1,"88":0,"89":0,"90":0,"91":0,"92":0,"93":0,"94":0,"95":0,"96":0,"97":0,"98":0,"99":0,"100":0,"101":0,"102":1,"103":1,"104":1,"105":1,"106":1,"107":0,"108":1,"109":0,"110":0,"111":1,"112":1,"113":0,"114":0,"115":1,"116":1,"117":1,"118":1,"119":1,"120":1,"121":1},"b":{"1":[1,1],"2":[1,1],"3":[1,0],"4":[0,1],"5":[1,1,1],"6":[0,1],"7":[1,0],"8":[0,1],"9":[1,0],"10":[0,0],"11":[0,0],"12":[0,0],"13":[0,0],"14":[0,0],"15":[0,0],"16":[0,1],"17":[0,1]},"f":{"1":2,"2":2,"3":2,"4":2,"5":2,"6":2,"7":1,"8":1,"9":1,"10":1,"11":1,"12":1,"13":1,"14":1,"15":1,"16":1,"17":1,"18":1,"19":1,"20":1,"21":1,"22":1,"23":1,"24":1,"25":0,"26":0,"27":0,"28":0,"29":0,"30":0,"31":0,"32":0,"33":0,"34":0,"35":0,"36":0,"37":1,"38":1,"39":0,"40":1,"41":1,"42":1,"43":1},"fnMap":{"1":{"name":"(anonymous_1)","line":1,"loc":{"start":{"line":1,"column":31},"end":{"line":1,"column":53}}},"2":{"name":"(anonymous_2)","line":2,"loc":{"start":{"line":2,"column":9},"end":{"line":2,"column":30}}},"3":{"name":"(anonymous_3)","line":3,"loc":{"start":{"line":3,"column":23},"end":{"line":3,"column":89}}},"4":{"name":"(anonymous_4)","line":6,"loc":{"start":{"line":6,"column":35},"end":{"line":6,"column":53}}},"5":{"name":"(anonymous_5)","line":8,"loc":{"start":{"line":8,"column":20},"end":{"line":8,"column":31}}},"6":{"name":"(anonymous_6)","line":10,"loc":{"start":{"line":10,"column":14},"end":{"line":10,"column":25}}},"7":{"name":"(anonymous_7)","line":29,"loc":{"start":{"line":29,"column":38},"end":{"line":29,"column":60}}},"8":{"name":"(anonymous_8)","line":30,"loc":{"start":{"line":30,"column":9},"end":{"line":30,"column":41}}},"9":{"name":"(anonymous_9)","line":35,"loc":{"start":{"line":35,"column":23},"end":{"line":35,"column":68}}},"10":{"name":"(anonymous_10)","line":43,"loc":{"start":{"line":43,"column":44},"end":{"line":43,"column":63}}},"11":{"name":"(anonymous_11)","line":45,"loc":{"start":{"line":45,"column":20},"end":{"line":45,"column":31}}},"12":{"name":"(anonymous_12)","line":47,"loc":{"start":{"line":47,"column":14},"end":{"line":47,"column":25}}},"13":{"name":"(anonymous_13)","line":59,"loc":{"start":{"line":59,"column":38},"end":{"line":59,"column":60}}},"14":{"name":"(anonymous_14)","line":60,"loc":{"start":{"line":60,"column":9},"end":{"line":60,"column":22}}},"15":{"name":"(anonymous_15)","line":65,"loc":{"start":{"line":65,"column":23},"end":{"line":65,"column":75}}},"16":{"name":"(anonymous_16)","line":66,"loc":{"start":{"line":66,"column":49},"end":{"line":66,"column":72}}},"17":{"name":"(anonymous_17)","line":68,"loc":{"start":{"line":68,"column":20},"end":{"line":68,"column":31}}},"18":{"name":"(anonymous_18)","line":70,"loc":{"start":{"line":70,"column":14},"end":{"line":70,"column":25}}},"19":{"name":"(anonymous_19)","line":86,"loc":{"start":{"line":86,"column":32},"end":{"line":86,"column":54}}},"20":{"name":"(anonymous_20)","line":87,"loc":{"start":{"line":87,"column":9},"end":{"line":87,"column":22}}},"21":{"name":"(anonymous_21)","line":92,"loc":{"start":{"line":92,"column":23},"end":{"line":92,"column":87}}},"22":{"name":"(anonymous_22)","line":93,"loc":{"start":{"line":93,"column":48},"end":{"line":93,"column":63}}},"23":{"name":"(anonymous_23)","line":95,"loc":{"start":{"line":95,"column":20},"end":{"line":95,"column":31}}},"24":{"name":"(anonymous_24)","line":97,"loc":{"start":{"line":97,"column":14},"end":{"line":97,"column":25}}},"25":{"name":"(anonymous_25)","line":117,"loc":{"start":{"line":117,"column":39},"end":{"line":117,"column":61}}},"26":{"name":"(anonymous_26)","line":118,"loc":{"start":{"line":118,"column":9},"end":{"line":118,"column":29}}},"27":{"name":"(anonymous_27)","line":123,"loc":{"start":{"line":123,"column":23},"end":{"line":123,"column":79}}},"28":{"name":"(anonymous_28)","line":124,"loc":{"start":{"line":124,"column":60},"end":{"line":124,"column":75}}},"29":{"name":"(anonymous_29)","line":126,"loc":{"start":{"line":126,"column":20},"end":{"line":126,"column":31}}},"30":{"name":"(anonymous_30)","line":128,"loc":{"start":{"line":128,"column":14},"end":{"line":128,"column":25}}},"31":{"name":"(anonymous_31)","line":144,"loc":{"start":{"line":144,"column":39},"end":{"line":144,"column":61}}},"32":{"name":"(anonymous_32)","line":145,"loc":{"start":{"line":145,"column":9},"end":{"line":145,"column":29}}},"33":{"name":"(anonymous_33)","line":150,"loc":{"start":{"line":150,"column":23},"end":{"line":150,"column":80}}},"34":{"name":"(anonymous_34)","line":151,"loc":{"start":{"line":151,"column":61},"end":{"line":151,"column":76}}},"35":{"name":"(anonymous_35)","line":153,"loc":{"start":{"line":153,"column":20},"end":{"line":153,"column":31}}},"36":{"name":"(anonymous_36)","line":155,"loc":{"start":{"line":155,"column":14},"end":{"line":155,"column":25}}},"37":{"name":"(anonymous_37)","line":171,"loc":{"start":{"line":171,"column":36},"end":{"line":171,"column":58}}},"38":{"name":"(anonymous_38)","line":172,"loc":{"start":{"line":172,"column":9},"end":{"line":172,"column":25}}},"39":{"name":"(anonymous_39)","line":174,"loc":{"start":{"line":174,"column":17},"end":{"line":174,"column":28}}},"40":{"name":"(anonymous_40)","line":186,"loc":{"start":{"line":186,"column":23},"end":{"line":186,"column":73}}},"41":{"name":"(anonymous_41)","line":187,"loc":{"start":{"line":187,"column":50},"end":{"line":187,"column":66}}},"42":{"name":"(anonymous_42)","line":189,"loc":{"start":{"line":189,"column":20},"end":{"line":189,"column":31}}},"43":{"name":"(anonymous_43)","line":191,"loc":{"start":{"line":191,"column":14},"end":{"line":191,"column":25}}}},"statementMap":{"1":{"start":{"line":1,"column":0},"end":{"line":25,"column":2}},"2":{"start":{"line":2,"column":2},"end":{"line":24,"column":4}},"3":{"start":{"line":3,"column":4},"end":{"line":23,"column":7}},"4":{"start":{"line":4,"column":6},"end":{"line":4,"column":18}},"5":{"start":{"line":5,"column":6},"end":{"line":5,"column":73}},"6":{"start":{"line":6,"column":6},"end":{"line":22,"column":9}},"7":{"start":{"line":7,"column":8},"end":{"line":7,"column":52}},"8":{"start":{"line":9,"column":8},"end":{"line":9,"column":26}},"9":{"start":{"line":11,"column":8},"end":{"line":19,"column":9}},"10":{"start":{"line":12,"column":10},"end":{"line":12,"column":32}},"11":{"start":{"line":13,"column":10},"end":{"line":13,"column":36}},"12":{"start":{"line":14,"column":15},"end":{"line":19,"column":9}},"13":{"start":{"line":15,"column":10},"end":{"line":15,"column":31}},"14":{"start":{"line":16,"column":10},"end":{"line":16,"column":36}},"15":{"start":{"line":18,"column":10},"end":{"line":18,"column":62}},"16":{"start":{"line":20,"column":8},"end":{"line":20,"column":26}},"17":{"start":{"line":21,"column":8},"end":{"line":21,"column":28}},"18":{"start":{"line":27,"column":0},"end":{"line":27,"column":128}},"19":{"start":{"line":29,"column":0},"end":{"line":55,"column":2}},"20":{"start":{"line":30,"column":2},"end":{"line":54,"column":4}},"21":{"start":{"line":31,"column":4},"end":{"line":34,"column":5}},"22":{"start":{"line":32,"column":6},"end":{"line":32,"column":78}},"23":{"start":{"line":33,"column":6},"end":{"line":33,"column":13}},"24":{"start":{"line":35,"column":4},"end":{"line":53,"column":7}},"25":{"start":{"line":36,"column":6},"end":{"line":36,"column":15}},"26":{"start":{"line":37,"column":6},"end":{"line":42,"column":8}},"27":{"start":{"line":43,"column":6},"end":{"line":52,"column":9}},"28":{"start":{"line":44,"column":8},"end":{"line":44,"column":54}},"29":{"start":{"line":46,"column":8},"end":{"line":46,"column":26}},"30":{"start":{"line":48,"column":8},"end":{"line":48,"column":73}},"31":{"start":{"line":49,"column":8},"end":{"line":49,"column":35}},"32":{"start":{"line":50,"column":8},"end":{"line":50,"column":26}},"33":{"start":{"line":51,"column":8},"end":{"line":51,"column":29}},"34":{"start":{"line":57,"column":0},"end":{"line":57,"column":87}},"35":{"start":{"line":59,"column":0},"end":{"line":82,"column":2}},"36":{"start":{"line":60,"column":2},"end":{"line":81,"column":4}},"37":{"start":{"line":61,"column":4},"end":{"line":64,"column":5}},"38":{"start":{"line":62,"column":6},"end":{"line":62,"column":78}},"39":{"start":{"line":63,"column":6},"end":{"line":63,"column":13}},"40":{"start":{"line":65,"column":4},"end":{"line":80,"column":7}},"41":{"start":{"line":66,"column":6},"end":{"line":79,"column":9}},"42":{"start":{"line":67,"column":8},"end":{"line":67,"column":57}},"43":{"start":{"line":69,"column":8},"end":{"line":69,"column":26}},"44":{"start":{"line":71,"column":8},"end":{"line":76,"column":9}},"45":{"start":{"line":72,"column":10},"end":{"line":72,"column":60}},"46":{"start":{"line":73,"column":10},"end":{"line":73,"column":33}},"47":{"start":{"line":75,"column":10},"end":{"line":75,"column":54}},"48":{"start":{"line":77,"column":8},"end":{"line":77,"column":26}},"49":{"start":{"line":78,"column":8},"end":{"line":78,"column":25}},"50":{"start":{"line":84,"column":0},"end":{"line":84,"column":86}},"51":{"start":{"line":86,"column":0},"end":{"line":113,"column":2}},"52":{"start":{"line":87,"column":2},"end":{"line":112,"column":4}},"53":{"start":{"line":88,"column":4},"end":{"line":91,"column":5}},"54":{"start":{"line":89,"column":6},"end":{"line":89,"column":72}},"55":{"start":{"line":90,"column":6},"end":{"line":90,"column":13}},"56":{"start":{"line":92,"column":4},"end":{"line":111,"column":7}},"57":{"start":{"line":93,"column":6},"end":{"line":110,"column":9}},"58":{"start":{"line":94,"column":8},"end":{"line":94,"column":32}},"59":{"start":{"line":96,"column":8},"end":{"line":96,"column":26}},"60":{"start":{"line":98,"column":8},"end":{"line":98,"column":19}},"61":{"start":{"line":99,"column":8},"end":{"line":109,"column":9}},"62":{"start":{"line":100,"column":10},"end":{"line":100,"column":63}},"63":{"start":{"line":101,"column":10},"end":{"line":101,"column":62}},"64":{"start":{"line":102,"column":10},"end":{"line":102,"column":30}},"65":{"start":{"line":103,"column":10},"end":{"line":103,"column":28}},"66":{"start":{"line":104,"column":10},"end":{"line":104,"column":24}},"67":{"start":{"line":106,"column":10},"end":{"line":106,"column":54}},"68":{"start":{"line":107,"column":10},"end":{"line":107,"column":28}},"69":{"start":{"line":108,"column":10},"end":{"line":108,"column":22}},"70":{"start":{"line":115,"column":0},"end":{"line":115,"column":92}},"71":{"start":{"line":117,"column":0},"end":{"line":140,"column":2}},"72":{"start":{"line":118,"column":2},"end":{"line":139,"column":4}},"73":{"start":{"line":119,"column":4},"end":{"line":122,"column":5}},"74":{"start":{"line":120,"column":6},"end":{"line":120,"column":79}},"75":{"start":{"line":121,"column":6},"end":{"line":121,"column":13}},"76":{"start":{"line":123,"column":4},"end":{"line":138,"column":7}},"77":{"start":{"line":124,"column":6},"end":{"line":137,"column":9}},"78":{"start":{"line":125,"column":8},"end":{"line":125,"column":46}},"79":{"start":{"line":127,"column":8},"end":{"line":127,"column":26}},"80":{"start":{"line":129,"column":8},"end":{"line":134,"column":9}},"81":{"start":{"line":130,"column":10},"end":{"line":130,"column":85}},"82":{"start":{"line":131,"column":10},"end":{"line":131,"column":33}},"83":{"start":{"line":133,"column":10},"end":{"line":133,"column":96}},"84":{"start":{"line":135,"column":8},"end":{"line":135,"column":26}},"85":{"start":{"line":136,"column":8},"end":{"line":136,"column":25}},"86":{"start":{"line":142,"column":0},"end":{"line":142,"column":100}},"87":{"start":{"line":144,"column":0},"end":{"line":167,"column":2}},"88":{"start":{"line":145,"column":2},"end":{"line":166,"column":4}},"89":{"start":{"line":146,"column":4},"end":{"line":149,"column":5}},"90":{"start":{"line":147,"column":6},"end":{"line":147,"column":79}},"91":{"start":{"line":148,"column":6},"end":{"line":148,"column":13}},"92":{"start":{"line":150,"column":4},"end":{"line":165,"column":7}},"93":{"start":{"line":151,"column":6},"end":{"line":164,"column":9}},"94":{"start":{"line":152,"column":8},"end":{"line":152,"column":46}},"95":{"start":{"line":154,"column":8},"end":{"line":154,"column":26}},"96":{"start":{"line":156,"column":8},"end":{"line":161,"column":9}},"97":{"start":{"line":157,"column":10},"end":{"line":157,"column":87}},"98":{"start":{"line":158,"column":10},"end":{"line":158,"column":33}},"99":{"start":{"line":160,"column":10},"end":{"line":160,"column":105}},"100":{"start":{"line":162,"column":8},"end":{"line":162,"column":26}},"101":{"start":{"line":163,"column":8},"end":{"line":163,"column":25}},"102":{"start":{"line":169,"column":0},"end":{"line":169,"column":103}},"103":{"start":{"line":171,"column":0},"end":{"line":197,"column":2}},"104":{"start":{"line":172,"column":2},"end":{"line":196,"column":4}},"105":{"start":{"line":173,"column":4},"end":{"line":173,"column":19}},"106":{"start":{"line":174,"column":4},"end":{"line":176,"column":6}},"107":{"start":{"line":175,"column":6},"end":{"line":175,"column":83}},"108":{"start":{"line":177,"column":4},"end":{"line":180,"column":5}},"109":{"start":{"line":178,"column":6},"end":{"line":178,"column":19}},"110":{"start":{"line":179,"column":6},"end":{"line":179,"column":13}},"111":{"start":{"line":181,"column":4},"end":{"line":181,"column":32}},"112":{"start":{"line":182,"column":4},"end":{"line":185,"column":5}},"113":{"start":{"line":183,"column":6},"end":{"line":183,"column":19}},"114":{"start":{"line":184,"column":6},"end":{"line":184,"column":13}},"115":{"start":{"line":186,"column":4},"end":{"line":195,"column":7}},"116":{"start":{"line":187,"column":6},"end":{"line":194,"column":9}},"117":{"start":{"line":188,"column":8},"end":{"line":188,"column":48}},"118":{"start":{"line":190,"column":8},"end":{"line":190,"column":26}},"119":{"start":{"line":192,"column":8},"end":{"line":192,"column":26}},"120":{"start":{"line":193,"column":8},"end":{"line":193,"column":26}},"121":{"start":{"line":199,"column":0},"end":{"line":199,"column":81}}},"branchMap":{"1":{"line":5,"type":"cond-expr","locations":[{"start":{"line":5,"column":29},"end":{"line":5,"column":57}},{"start":{"line":5,"column":60},"end":{"line":5,"column":72}}]},"2":{"line":11,"type":"if","locations":[{"start":{"line":11,"column":8},"end":{"line":11,"column":8}},{"start":{"line":11,"column":8},"end":{"line":11,"column":8}}]},"3":{"line":14,"type":"if","locations":[{"start":{"line":14,"column":15},"end":{"line":14,"column":15}},{"start":{"line":14,"column":15},"end":{"line":14,"column":15}}]},"4":{"line":31,"type":"if","locations":[{"start":{"line":31,"column":4},"end":{"line":31,"column":4}},{"start":{"line":31,"column":4},"end":{"line":31,"column":4}}]},"5":{"line":31,"type":"binary-expr","locations":[{"start":{"line":31,"column":11},"end":{"line":31,"column":23}},{"start":{"line":31,"column":29},"end":{"line":31,"column":42}},{"start":{"line":31,"column":48},"end":{"line":31,"column":64}}]},"6":{"line":61,"type":"if","locations":[{"start":{"line":61,"column":4},"end":{"line":61,"column":4}},{"start":{"line":61,"column":4},"end":{"line":61,"column":4}}]},"7":{"line":71,"type":"if","locations":[{"start":{"line":71,"column":8},"end":{"line":71,"column":8}},{"start":{"line":71,"column":8},"end":{"line":71,"column":8}}]},"8":{"line":88,"type":"if","locations":[{"start":{"line":88,"column":4},"end":{"line":88,"column":4}},{"start":{"line":88,"column":4},"end":{"line":88,"column":4}}]},"9":{"line":99,"type":"if","locations":[{"start":{"line":99,"column":8},"end":{"line":99,"column":8}},{"start":{"line":99,"column":8},"end":{"line":99,"column":8}}]},"10":{"line":119,"type":"if","locations":[{"start":{"line":119,"column":4},"end":{"line":119,"column":4}},{"start":{"line":119,"column":4},"end":{"line":119,"column":4}}]},"11":{"line":119,"type":"binary-expr","locations":[{"start":{"line":119,"column":11},"end":{"line":119,"column":21}},{"start":{"line":119,"column":27},"end":{"line":119,"column":40}}]},"12":{"line":129,"type":"if","locations":[{"start":{"line":129,"column":8},"end":{"line":129,"column":8}},{"start":{"line":129,"column":8},"end":{"line":129,"column":8}}]},"13":{"line":146,"type":"if","locations":[{"start":{"line":146,"column":4},"end":{"line":146,"column":4}},{"start":{"line":146,"column":4},"end":{"line":146,"column":4}}]},"14":{"line":146,"type":"binary-expr","locations":[{"start":{"line":146,"column":11},"end":{"line":146,"column":21}},{"start":{"line":146,"column":27},"end":{"line":146,"column":40}}]},"15":{"line":156,"type":"if","locations":[{"start":{"line":156,"column":8},"end":{"line":156,"column":8}},{"start":{"line":156,"column":8},"end":{"line":156,"column":8}}]},"16":{"line":177,"type":"if","locations":[{"start":{"line":177,"column":4},"end":{"line":177,"column":4}},{"start":{"line":177,"column":4},"end":{"line":177,"column":4}}]},"17":{"line":182,"type":"if","locations":[{"start":{"line":182,"column":4},"end":{"line":182,"column":4}},{"start":{"line":182,"column":4},"end":{"line":182,"column":4}}]}}},"/Users/mk/workspace/fragments-user/lib/factories/fake.js":{"path":"/Users/mk/workspace/fragments-user/lib/factories/fake.js","s":{"1":1,"2":5,"3":16,"4":1,"5":5,"6":5,"7":5,"8":5,"9":5,"10":16,"11":5,"12":5},"b":{"1":[21,0],"2":[16,0]},"f":{"1":5,"2":16,"3":5,"4":5,"5":5},"fnMap":{"1":{"name":"(anonymous_1)","line":1,"loc":{"start":{"line":1,"column":34},"end":{"line":1,"column":50}}},"2":{"name":"(anonymous_2)","line":2,"loc":{"start":{"line":2,"column":9},"end":{"line":2,"column":20}}},"3":{"name":"(anonymous_3)","line":12,"loc":{"start":{"line":12,"column":33},"end":{"line":12,"column":71}}},"4":{"name":"(anonymous_4)","line":13,"loc":{"start":{"line":13,"column":9},"end":{"line":13,"column":25}}},"5":{"name":"(anonymous_5)","line":15,"loc":{"start":{"line":15,"column":17},"end":{"line":15,"column":28}}}},"statementMap":{"1":{"start":{"line":1,"column":0},"end":{"line":10,"column":2}},"2":{"start":{"line":2,"column":2},"end":{"line":9,"column":4}},"3":{"start":{"line":3,"column":4},"end":{"line":8,"column":6}},"4":{"start":{"line":12,"column":0},"end":{"line":22,"column":2}},"5":{"start":{"line":13,"column":2},"end":{"line":21,"column":4}},"6":{"start":{"line":14,"column":4},"end":{"line":14,"column":30}},"7":{"start":{"line":15,"column":4},"end":{"line":19,"column":41}},"8":{"start":{"line":16,"column":6},"end":{"line":16,"column":19}},"9":{"start":{"line":17,"column":6},"end":{"line":17,"column":101}},"10":{"start":{"line":17,"column":83},"end":{"line":17,"column":99}},"11":{"start":{"line":18,"column":6},"end":{"line":18,"column":21}},"12":{"start":{"line":20,"column":4},"end":{"line":20,"column":48}}},"branchMap":{"1":{"line":17,"type":"cond-expr","locations":[{"start":{"line":17,"column":35},"end":{"line":17,"column":44}},{"start":{"line":17,"column":47},"end":{"line":17,"column":56}}]},"2":{"line":17,"type":"cond-expr","locations":[{"start":{"line":17,"column":71},"end":{"line":17,"column":74}},{"start":{"line":17,"column":77},"end":{"line":17,"column":80}}]}}},"/Users/mk/workspace/fragments-user/lib/factories/persistence.js":{"path":"/Users/mk/workspace/fragments-user/lib/factories/persistence.js","s":{"1":1,"2":12,"3":12,"4":43,"5":5,"6":38,"7":12,"8":1,"9":11,"10":24,"11":24,"12":2,"13":24,"14":1,"15":10,"16":14,"17":14,"18":2,"19":12,"20":12,"21":11,"22":1,"23":1,"24":2,"25":6,"26":1,"27":6,"28":14,"29":1,"30":0,"31":0},"b":{"1":[5,38],"2":[2,22],"3":[2,12],"4":[11,1]},"f":{"1":12,"2":43,"3":11,"4":24,"5":10,"6":14,"7":14,"8":12,"9":2,"10":6,"11":6,"12":14,"13":0,"14":0},"fnMap":{"1":{"name":"(anonymous_1)","line":1,"loc":{"start":{"line":1,"column":30},"end":{"line":1,"column":42}}},"2":{"name":"(anonymous_2)","line":3,"loc":{"start":{"line":3,"column":17},"end":{"line":3,"column":39}}},"3":{"name":"(anonymous_3)","line":13,"loc":{"start":{"line":13,"column":28},"end":{"line":13,"column":74}}},"4":{"name":"(anonymous_4)","line":14,"loc":{"start":{"line":14,"column":9},"end":{"line":14,"column":24}}},"5":{"name":"(anonymous_5)","line":23,"loc":{"start":{"line":23,"column":37},"end":{"line":23,"column":82}}},"6":{"name":"(anonymous_6)","line":24,"loc":{"start":{"line":24,"column":9},"end":{"line":24,"column":25}}},"7":{"name":"(anonymous_7)","line":33,"loc":{"start":{"line":33,"column":20},"end":{"line":33,"column":35}}},"8":{"name":"(anonymous_8)","line":37,"loc":{"start":{"line":37,"column":73},"end":{"line":37,"column":91}}},"9":{"name":"(anonymous_9)","line":48,"loc":{"start":{"line":48,"column":35},"end":{"line":48,"column":78}}},"10":{"name":"(anonymous_10)","line":49,"loc":{"start":{"line":49,"column":9},"end":{"line":49,"column":28}}},"11":{"name":"(anonymous_11)","line":56,"loc":{"start":{"line":56,"column":39},"end":{"line":56,"column":65}}},"12":{"name":"(anonymous_12)","line":57,"loc":{"start":{"line":57,"column":9},"end":{"line":57,"column":29}}},"13":{"name":"(anonymous_13)","line":66,"loc":{"start":{"line":66,"column":40},"end":{"line":66,"column":66}}},"14":{"name":"(anonymous_14)","line":67,"loc":{"start":{"line":67,"column":9},"end":{"line":67,"column":29}}}},"statementMap":{"1":{"start":{"line":1,"column":0},"end":{"line":11,"column":2}},"2":{"start":{"line":2,"column":2},"end":{"line":2,"column":19}},"3":{"start":{"line":3,"column":2},"end":{"line":9,"column":4}},"4":{"start":{"line":4,"column":4},"end":{"line":8,"column":5}},"5":{"start":{"line":5,"column":6},"end":{"line":5,"column":46}},"6":{"start":{"line":7,"column":6},"end":{"line":7,"column":45}},"7":{"start":{"line":10,"column":2},"end":{"line":10,"column":22}},"8":{"start":{"line":13,"column":0},"end":{"line":21,"column":2}},"9":{"start":{"line":14,"column":2},"end":{"line":20,"column":4}},"10":{"start":{"line":15,"column":4},"end":{"line":15,"column":25}},"11":{"start":{"line":16,"column":4},"end":{"line":18,"column":5}},"12":{"start":{"line":17,"column":6},"end":{"line":17,"column":23}},"13":{"start":{"line":19,"column":4},"end":{"line":19,"column":146}},"14":{"start":{"line":23,"column":0},"end":{"line":46,"column":2}},"15":{"start":{"line":24,"column":2},"end":{"line":45,"column":4}},"16":{"start":{"line":25,"column":4},"end":{"line":44,"column":7}},"17":{"start":{"line":34,"column":6},"end":{"line":36,"column":7}},"18":{"start":{"line":35,"column":8},"end":{"line":35,"column":20}},"19":{"start":{"line":37,"column":6},"end":{"line":43,"column":9}},"20":{"start":{"line":38,"column":8},"end":{"line":42,"column":9}},"21":{"start":{"line":39,"column":10},"end":{"line":39,"column":22}},"22":{"start":{"line":41,"column":10},"end":{"line":41,"column":22}},"23":{"start":{"line":48,"column":0},"end":{"line":54,"column":2}},"24":{"start":{"line":49,"column":2},"end":{"line":53,"column":4}},"25":{"start":{"line":50,"column":4},"end":{"line":52,"column":20}},"26":{"start":{"line":56,"column":0},"end":{"line":64,"column":2}},"27":{"start":{"line":57,"column":2},"end":{"line":63,"column":4}},"28":{"start":{"line":58,"column":4},"end":{"line":62,"column":7}},"29":{"start":{"line":66,"column":0},"end":{"line":74,"column":2}},"30":{"start":{"line":67,"column":2},"end":{"line":73,"column":4}},"31":{"start":{"line":68,"column":4},"end":{"line":72,"column":7}}},"branchMap":{"1":{"line":4,"type":"if","locations":[{"start":{"line":4,"column":4},"end":{"line":4,"column":4}},{"start":{"line":4,"column":4},"end":{"line":4,"column":4}}]},"2":{"line":16,"type":"if","locations":[{"start":{"line":16,"column":4},"end":{"line":16,"column":4}},{"start":{"line":16,"column":4},"end":{"line":16,"column":4}}]},"3":{"line":34,"type":"if","locations":[{"start":{"line":34,"column":6},"end":{"line":34,"column":6}},{"start":{"line":34,"column":6},"end":{"line":34,"column":6}}]},"4":{"line":38,"type":"if","locations":[{"start":{"line":38,"column":8},"end":{"line":38,"column":8}},{"start":{"line":38,"column":8},"end":{"line":38,"column":8}}]}}},"/Users/mk/workspace/fragments-user/lib/factories/require.js":{"path":"/Users/mk/workspace/fragments-user/lib/factories/require.js","s":{"1":1,"2":10,"3":1,"4":5,"5":1,"6":1,"7":1,"8":10,"9":1,"10":6},"b":{},"f":{"1":10,"2":5,"3":1,"4":10,"5":6},"fnMap":{"1":{"name":"(anonymous_1)","line":1,"loc":{"start":{"line":1,"column":21},"end":{"line":1,"column":32}}},"2":{"name":"(anonymous_2)","line":5,"loc":{"start":{"line":5,"column":23},"end":{"line":5,"column":34}}},"3":{"name":"(anonymous_3)","line":9,"loc":{"start":{"line":9,"column":21},"end":{"line":9,"column":32}}},"4":{"name":"(anonymous_4)","line":13,"loc":{"start":{"line":13,"column":26},"end":{"line":13,"column":37}}},"5":{"name":"(anonymous_5)","line":17,"loc":{"start":{"line":17,"column":22},"end":{"line":17,"column":33}}}},"statementMap":{"1":{"start":{"line":1,"column":0},"end":{"line":3,"column":2}},"2":{"start":{"line":2,"column":2},"end":{"line":2,"column":24}},"3":{"start":{"line":5,"column":0},"end":{"line":7,"column":2}},"4":{"start":{"line":6,"column":2},"end":{"line":6,"column":26}},"5":{"start":{"line":9,"column":0},"end":{"line":11,"column":2}},"6":{"start":{"line":10,"column":2},"end":{"line":10,"column":24}},"7":{"start":{"line":13,"column":0},"end":{"line":15,"column":2}},"8":{"start":{"line":14,"column":2},"end":{"line":14,"column":29}},"9":{"start":{"line":17,"column":0},"end":{"line":19,"column":2}},"10":{"start":{"line":18,"column":2},"end":{"line":18,"column":25}}},"branchMap":{}},"/Users/mk/workspace/fragments-user/lib/factories/response.js":{"path":"/Users/mk/workspace/fragments-user/lib/factories/response.js","s":{"1":1,"2":10,"3":1,"4":54,"5":9,"6":1,"7":5,"8":1,"9":39,"10":11},"b":{},"f":{"1":10,"2":54,"3":9,"4":5,"5":39,"6":11},"fnMap":{"1":{"name":"(anonymous_1)","line":1,"loc":{"start":{"line":1,"column":58},"end":{"line":1,"column":80}}},"2":{"name":"(anonymous_2)","line":5,"loc":{"start":{"line":5,"column":43},"end":{"line":5,"column":108}}},"3":{"name":"(anonymous_3)","line":6,"loc":{"start":{"line":6,"column":9},"end":{"line":6,"column":20}}},"4":{"name":"(anonymous_4)","line":11,"loc":{"start":{"line":11,"column":63},"end":{"line":11,"column":74}}},"5":{"name":"(anonymous_5)","line":15,"loc":{"start":{"line":15,"column":48},"end":{"line":15,"column":118}}},"6":{"name":"(anonymous_6)","line":16,"loc":{"start":{"line":16,"column":9},"end":{"line":16,"column":20}}}},"statementMap":{"1":{"start":{"line":1,"column":0},"end":{"line":3,"column":2}},"2":{"start":{"line":2,"column":2},"end":{"line":2,"column":652}},"3":{"start":{"line":5,"column":0},"end":{"line":9,"column":2}},"4":{"start":{"line":6,"column":2},"end":{"line":8,"column":4}},"5":{"start":{"line":7,"column":4},"end":{"line":7,"column":66}},"6":{"start":{"line":11,"column":0},"end":{"line":13,"column":2}},"7":{"start":{"line":12,"column":2},"end":{"line":12,"column":62}},"8":{"start":{"line":15,"column":0},"end":{"line":19,"column":2}},"9":{"start":{"line":16,"column":2},"end":{"line":18,"column":4}},"10":{"start":{"line":17,"column":4},"end":{"line":17,"column":71}}},"branchMap":{}},"/Users/mk/workspace/fragments-user/lib/factories/right-parser.js":{"path":"/Users/mk/workspace/fragments-user/lib/factories/right-parser.js","s":{"1":1,"2":6,"3":6,"4":6,"5":6,"6":6,"7":6,"8":6,"9":6,"10":6,"11":6,"12":1,"13":6,"14":68,"15":68,"16":68,"17":3,"18":65,"19":8,"20":57,"21":57,"22":57,"23":57},"b":{"1":[3,65],"2":[8,57],"3":[57,0]},"f":{"1":6,"2":6,"3":68},"fnMap":{"1":{"name":"(anonymous_1)","line":1,"loc":{"start":{"line":1,"column":41},"end":{"line":1,"column":56}}},"2":{"name":"(anonymous_2)","line":14,"loc":{"start":{"line":14,"column":28},"end":{"line":14,"column":62}}},"3":{"name":"(anonymous_3)","line":15,"loc":{"start":{"line":15,"column":9},"end":{"line":15,"column":26}}}},"statementMap":{"1":{"start":{"line":1,"column":0},"end":{"line":12,"column":2}},"2":{"start":{"line":2,"column":2},"end":{"line":2,"column":11}},"3":{"start":{"line":3,"column":2},"end":{"line":3,"column":11}},"4":{"start":{"line":4,"column":2},"end":{"line":4,"column":9}},"5":{"start":{"line":5,"column":2},"end":{"line":5,"column":47}},"6":{"start":{"line":6,"column":2},"end":{"line":6,"column":84}},"7":{"start":{"line":7,"column":2},"end":{"line":7,"column":36}},"8":{"start":{"line":8,"column":2},"end":{"line":8,"column":84}},"9":{"start":{"line":9,"column":2},"end":{"line":9,"column":122}},"10":{"start":{"line":10,"column":2},"end":{"line":10,"column":64}},"11":{"start":{"line":11,"column":2},"end":{"line":11,"column":11}},"12":{"start":{"line":14,"column":0},"end":{"line":32,"column":2}},"13":{"start":{"line":15,"column":2},"end":{"line":31,"column":4}},"14":{"start":{"line":16,"column":4},"end":{"line":16,"column":22}},"15":{"start":{"line":17,"column":4},"end":{"line":17,"column":55}},"16":{"start":{"line":18,"column":4},"end":{"line":20,"column":5}},"17":{"start":{"line":19,"column":6},"end":{"line":19,"column":13}},"18":{"start":{"line":21,"column":4},"end":{"line":23,"column":5}},"19":{"start":{"line":22,"column":6},"end":{"line":22,"column":13}},"20":{"start":{"line":24,"column":4},"end":{"line":26,"column":6}},"21":{"start":{"line":27,"column":4},"end":{"line":29,"column":5}},"22":{"start":{"line":28,"column":6},"end":{"line":28,"column":35}},"23":{"start":{"line":30,"column":4},"end":{"line":30,"column":17}}},"branchMap":{"1":{"line":18,"type":"if","locations":[{"start":{"line":18,"column":4},"end":{"line":18,"column":4}},{"start":{"line":18,"column":4},"end":{"line":18,"column":4}}]},"2":{"line":21,"type":"if","locations":[{"start":{"line":21,"column":4},"end":{"line":21,"column":4}},{"start":{"line":21,"column":4},"end":{"line":21,"column":4}}]},"3":{"line":27,"type":"if","locations":[{"start":{"line":27,"column":4},"end":{"line":27,"column":4}},{"start":{"line":27,"column":4},"end":{"line":27,"column":4}}]}}},"/Users/mk/workspace/fragments-user/lib/factories/server.js":{"path":"/Users/mk/workspace/fragments-user/lib/factories/server.js","s":{"1":1,"2":10,"3":0},"b":{},"f":{"1":10,"2":0},"fnMap":{"1":{"name":"(anonymous_1)","line":1,"loc":{"start":{"line":1,"column":24},"end":{"line":1,"column":230}}},"2":{"name":"(anonymous_2)","line":3,"loc":{"start":{"line":3,"column":191},"end":{"line":3,"column":208}}}},"statementMap":{"1":{"start":{"line":1,"column":0},"end":{"line":7,"column":2}},"2":{"start":{"line":2,"column":2},"end":{"line":6,"column":5}},"3":{"start":{"line":4,"column":6},"end":{"line":4,"column":22}}},"branchMap":{}},"/Users/mk/workspace/fragments-user/lib/factories/table.js":{"path":"/Users/mk/workspace/fragments-user/lib/factories/table.js","s":{"1":1,"2":16},"b":{},"f":{"1":16},"fnMap":{"1":{"name":"(anonymous_1)","line":1,"loc":{"start":{"line":1,"column":27},"end":{"line":1,"column":56}}}},"statementMap":{"1":{"start":{"line":1,"column":0},"end":{"line":3,"column":2}},"2":{"start":{"line":2,"column":2},"end":{"line":2,"column":84}}},"branchMap":{}},"/Users/mk/workspace/fragments-user/lib/factories/url.js":{"path":"/Users/mk/workspace/fragments-user/lib/factories/url.js","s":{"1":1,"2":10,"3":20,"4":200,"5":167,"6":33,"7":1,"8":10,"9":1,"10":10,"11":36,"12":1,"13":10,"14":16,"15":1,"16":10,"17":45,"18":1,"19":10},"b":{"1":[167,33]},"f":{"1":10,"2":20,"3":200,"4":10,"5":10,"6":36,"7":10,"8":16,"9":10,"10":45,"11":10},"fnMap":{"1":{"name":"(anonymous_1)","line":1,"loc":{"start":{"line":1,"column":29},"end":{"line":1,"column":40}}},"2":{"name":"(anonymous_2)","line":2,"loc":{"start":{"line":2,"column":9},"end":{"line":2,"column":26}}},"3":{"name":"(anonymous_3)","line":3,"loc":{"start":{"line":3,"column":11},"end":{"line":3,"column":28}}},"4":{"name":"(anonymous_4)","line":13,"loc":{"start":{"line":13,"column":24},"end":{"line":13,"column":46}}},"5":{"name":"(anonymous_5)","line":17,"loc":{"start":{"line":17,"column":29},"end":{"line":17,"column":46}}},"6":{"name":"(anonymous_6)","line":18,"loc":{"start":{"line":18,"column":9},"end":{"line":18,"column":20}}},"7":{"name":"(anonymous_7)","line":23,"loc":{"start":{"line":23,"column":30},"end":{"line":23,"column":47}}},"8":{"name":"(anonymous_8)","line":24,"loc":{"start":{"line":24,"column":9},"end":{"line":24,"column":20}}},"9":{"name":"(anonymous_9)","line":29,"loc":{"start":{"line":29,"column":35},"end":{"line":29,"column":52}}},"10":{"name":"(anonymous_10)","line":30,"loc":{"start":{"line":30,"column":9},"end":{"line":30,"column":20}}},"11":{"name":"(anonymous_11)","line":35,"loc":{"start":{"line":35,"column":29},"end":{"line":35,"column":59}}}},"statementMap":{"1":{"start":{"line":1,"column":0},"end":{"line":11,"column":2}},"2":{"start":{"line":2,"column":2},"end":{"line":10,"column":4}},"3":{"start":{"line":3,"column":4},"end":{"line":9,"column":6}},"4":{"start":{"line":4,"column":6},"end":{"line":8,"column":7}},"5":{"start":{"line":5,"column":8},"end":{"line":5,"column":37}},"6":{"start":{"line":7,"column":8},"end":{"line":7,"column":22}},"7":{"start":{"line":13,"column":0},"end":{"line":15,"column":2}},"8":{"start":{"line":14,"column":2},"end":{"line":14,"column":29}},"9":{"start":{"line":17,"column":0},"end":{"line":21,"column":2}},"10":{"start":{"line":18,"column":2},"end":{"line":20,"column":4}},"11":{"start":{"line":19,"column":4},"end":{"line":19,"column":27}},"12":{"start":{"line":23,"column":0},"end":{"line":27,"column":2}},"13":{"start":{"line":24,"column":2},"end":{"line":26,"column":4}},"14":{"start":{"line":25,"column":4},"end":{"line":25,"column":28}},"15":{"start":{"line":29,"column":0},"end":{"line":33,"column":2}},"16":{"start":{"line":30,"column":2},"end":{"line":32,"column":4}},"17":{"start":{"line":31,"column":4},"end":{"line":31,"column":24}},"18":{"start":{"line":35,"column":0},"end":{"line":37,"column":2}},"19":{"start":{"line":36,"column":2},"end":{"line":36,"column":38}}},"branchMap":{"1":{"line":4,"type":"if","locations":[{"start":{"line":4,"column":6},"end":{"line":4,"column":6}},{"start":{"line":4,"column":6},"end":{"line":4,"column":6}}]}}},"/Users/mk/workspace/fragments-user/lib/factories/validation.js":{"path":"/Users/mk/workspace/fragments-user/lib/factories/validation.js","s":{"1":1,"2":10,"3":1,"4":4,"5":16,"6":21,"7":21,"8":9,"9":12,"10":4,"11":8,"12":21,"13":21,"14":9,"15":12,"16":4,"17":8,"18":1,"19":4,"20":1,"21":2,"22":12,"23":2,"24":1,"25":1,"26":1,"27":1,"28":1,"29":1,"30":6,"31":1,"32":1,"33":8},"b":{"1":[9,12],"2":[4,8],"3":[12,8],"4":[9,12],"5":[4,8],"6":[12,8],"7":[2,10]},"f":{"1":10,"2":4,"3":16,"4":21,"5":21,"6":21,"7":21,"8":4,"9":2,"10":12,"11":1,"12":1,"13":1,"14":6,"15":1,"16":8},"fnMap":{"1":{"name":"(anonymous_1)","line":1,"loc":{"start":{"line":1,"column":31},"end":{"line":1,"column":50}}},"2":{"name":"(anonymous_2)","line":8,"loc":{"start":{"line":8,"column":42},"end":{"line":8,"column":92}}},"3":{"name":"(anonymous_3)","line":9,"loc":{"start":{"line":9,"column":9},"end":{"line":9,"column":28}}},"4":{"name":"(anonymous_4)","line":11,"loc":{"start":{"line":11,"column":12},"end":{"line":11,"column":28}}},"5":{"name":"(anonymous_5)","line":12,"loc":{"start":{"line":12,"column":46},"end":{"line":12,"column":61}}},"6":{"name":"(anonymous_6)","line":22,"loc":{"start":{"line":22,"column":13},"end":{"line":22,"column":29}}},"7":{"name":"(anonymous_7)","line":23,"loc":{"start":{"line":23,"column":47},"end":{"line":23,"column":62}}},"8":{"name":"(anonymous_8)","line":37,"loc":{"start":{"line":37,"column":34},"end":{"line":37,"column":53}}},"9":{"name":"(anonymous_9)","line":45,"loc":{"start":{"line":45,"column":43},"end":{"line":45,"column":54}}},"10":{"name":"(anonymous_10)","line":47,"loc":{"start":{"line":47,"column":12},"end":{"line":47,"column":28}}},"11":{"name":"(anonymous_11)","line":55,"loc":{"start":{"line":55,"column":32},"end":{"line":55,"column":125}}},"12":{"name":"(anonymous_12)","line":59,"loc":{"start":{"line":59,"column":36},"end":{"line":59,"column":102}}},"13":{"name":"(anonymous_13)","line":65,"loc":{"start":{"line":65,"column":36},"end":{"line":65,"column":129}}},"14":{"name":"(anonymous_14)","line":66,"loc":{"start":{"line":66,"column":9},"end":{"line":66,"column":28}}},"15":{"name":"(anonymous_15)","line":71,"loc":{"start":{"line":71,"column":36},"end":{"line":71,"column":102}}},"16":{"name":"(anonymous_16)","line":72,"loc":{"start":{"line":72,"column":9},"end":{"line":72,"column":28}}}},"statementMap":{"1":{"start":{"line":1,"column":0},"end":{"line":6,"column":2}},"2":{"start":{"line":2,"column":2},"end":{"line":5,"column":5}},"3":{"start":{"line":8,"column":0},"end":{"line":35,"column":2}},"4":{"start":{"line":9,"column":2},"end":{"line":34,"column":4}},"5":{"start":{"line":10,"column":4},"end":{"line":33,"column":6}},"6":{"start":{"line":12,"column":8},"end":{"line":20,"column":11}},"7":{"start":{"line":13,"column":10},"end":{"line":15,"column":11}},"8":{"start":{"line":14,"column":12},"end":{"line":14,"column":19}},"9":{"start":{"line":16,"column":10},"end":{"line":18,"column":11}},"10":{"start":{"line":17,"column":12},"end":{"line":17,"column":19}},"11":{"start":{"line":19,"column":10},"end":{"line":19,"column":25}},"12":{"start":{"line":23,"column":8},"end":{"line":31,"column":11}},"13":{"start":{"line":24,"column":10},"end":{"line":26,"column":11}},"14":{"start":{"line":25,"column":12},"end":{"line":25,"column":19}},"15":{"start":{"line":27,"column":10},"end":{"line":29,"column":11}},"16":{"start":{"line":28,"column":12},"end":{"line":28,"column":19}},"17":{"start":{"line":30,"column":10},"end":{"line":30,"column":25}},"18":{"start":{"line":37,"column":0},"end":{"line":43,"column":2}},"19":{"start":{"line":38,"column":2},"end":{"line":42,"column":4}},"20":{"start":{"line":45,"column":0},"end":{"line":53,"column":2}},"21":{"start":{"line":46,"column":2},"end":{"line":52,"column":4}},"22":{"start":{"line":48,"column":6},"end":{"line":50,"column":7}},"23":{"start":{"line":49,"column":8},"end":{"line":49,"column":60}},"24":{"start":{"line":55,"column":0},"end":{"line":57,"column":2}},"25":{"start":{"line":56,"column":2},"end":{"line":56,"column":132}},"26":{"start":{"line":59,"column":0},"end":{"line":63,"column":2}},"27":{"start":{"line":60,"column":2},"end":{"line":62,"column":34}},"28":{"start":{"line":65,"column":0},"end":{"line":69,"column":2}},"29":{"start":{"line":66,"column":2},"end":{"line":68,"column":4}},"30":{"start":{"line":67,"column":4},"end":{"line":67,"column":142}},"31":{"start":{"line":71,"column":0},"end":{"line":77,"column":2}},"32":{"start":{"line":72,"column":2},"end":{"line":76,"column":4}},"33":{"start":{"line":73,"column":4},"end":{"line":75,"column":44}}},"branchMap":{"1":{"line":13,"type":"if","locations":[{"start":{"line":13,"column":10},"end":{"line":13,"column":10}},{"start":{"line":13,"column":10},"end":{"line":13,"column":10}}]},"2":{"line":16,"type":"if","locations":[{"start":{"line":16,"column":10},"end":{"line":16,"column":10}},{"start":{"line":16,"column":10},"end":{"line":16,"column":10}}]},"3":{"line":16,"type":"binary-expr","locations":[{"start":{"line":16,"column":15},"end":{"line":16,"column":31}},{"start":{"line":16,"column":36},"end":{"line":16,"column":78}}]},"4":{"line":24,"type":"if","locations":[{"start":{"line":24,"column":10},"end":{"line":24,"column":10}},{"start":{"line":24,"column":10},"end":{"line":24,"column":10}}]},"5":{"line":27,"type":"if","locations":[{"start":{"line":27,"column":10},"end":{"line":27,"column":10}},{"start":{"line":27,"column":10},"end":{"line":27,"column":10}}]},"6":{"line":27,"type":"binary-expr","locations":[{"start":{"line":27,"column":15},"end":{"line":27,"column":31}},{"start":{"line":27,"column":36},"end":{"line":27,"column":78}}]},"7":{"line":48,"type":"if","locations":[{"start":{"line":48,"column":6},"end":{"line":48,"column":6}},{"start":{"line":48,"column":6},"end":{"line":48,"column":6}}]}}}}