TN:
SF:/Users/mk/workspace/fragments-user/lib/fragments-user.js
FN:6,(anonymous_1)
FN:10,(anonymous_2)
FN:11,(anonymous_3)
FNF:3
FNH:3
FNDA:2432,(anonymous_1)
FNDA:39,(anonymous_2)
FNDA:51,(anonymous_3)
DA:1,1
DA:4,1
DA:6,1
DA:7,2432
DA:8,2432
DA:9,2432
DA:10,39
DA:11,39
DA:12,51
DA:13,51
DA:14,51
DA:17,39
DA:18,39
DA:22,1
LF:14
LH:14
BRDA:9,1,0,39
BRDA:9,1,1,2393
BRDA:9,2,0,2432
BRDA:9,2,1,39
BRDA:13,3,0,17
BRDA:13,3,1,34
BRF:6
BRH:6
end_of_record
TN:
SF:/Users/mk/workspace/fragments-user/lib/factories/access-control.js
FN:3,(anonymous_1)
FN:9,(anonymous_2)
FN:17,(anonymous_3)
FN:18,(anonymous_4)
FN:20,(anonymous_5)
FN:22,(anonymous_6)
FN:24,(anonymous_7)
FN:31,(anonymous_8)
FN:32,(anonymous_9)
FN:35,(anonymous_10)
FN:49,(anonymous_11)
FN:50,(anonymous_12)
FN:55,(anonymous_13)
FN:62,(anonymous_14)
FN:69,(anonymous_15)
FN:70,(anonymous_16)
FN:86,(anonymous_17)
FN:87,(anonymous_18)
FN:95,(anonymous_19)
FN:101,(anonymous_20)
FN:102,(anonymous_21)
FNF:21
FNH:18
FNDA:54,(anonymous_1)
FNDA:46,(anonymous_2)
FNDA:6,(anonymous_3)
FNDA:35,(anonymous_4)
FNDA:90,(anonymous_5)
FNDA:90,(anonymous_6)
FNDA:55,(anonymous_7)
FNDA:5,(anonymous_8)
FNDA:34,(anonymous_9)
FNDA:52,(anonymous_10)
FNDA:5,(anonymous_11)
FNDA:34,(anonymous_12)
FNDA:0,(anonymous_13)
FNDA:39,(anonymous_14)
FNDA:5,(anonymous_15)
FNDA:17,(anonymous_16)
FNDA:39,(anonymous_17)
FNDA:51,(anonymous_18)
FNDA:77,(anonymous_19)
FNDA:0,(anonymous_20)
FNDA:0,(anonymous_21)
DA:1,1
DA:3,1
DA:4,54
DA:5,54
DA:6,54
DA:7,8
DA:9,46
DA:10,46
DA:11,1
DA:13,45
DA:17,1
DA:18,6
DA:19,35
DA:20,35
DA:21,90
DA:23,90
DA:25,55
DA:27,35
DA:31,1
DA:32,5
DA:33,34
DA:34,34
DA:35,34
DA:36,52
DA:37,52
DA:38,52
DA:39,52
DA:40,29
DA:42,52
DA:45,34
DA:49,1
DA:50,5
DA:51,34
DA:55,1
DA:56,0
DA:57,0
DA:59,0
DA:62,1
DA:63,39
DA:64,5
DA:66,34
DA:69,1
DA:70,5
DA:71,17
DA:72,17
DA:73,0
DA:75,17
DA:76,17
DA:77,0
DA:79,17
DA:80,0
DA:82,17
DA:86,1
DA:87,39
DA:88,51
DA:89,51
DA:90,51
DA:91,51
DA:92,51
DA:93,8
DA:95,43
DA:96,77
DA:101,1
DA:102,0
DA:103,0
LF:65
LH:57
BRDA:5,1,0,46
BRDA:5,1,1,8
BRDA:6,2,0,8
BRDA:6,2,1,46
BRDA:10,3,0,1
BRDA:10,3,1,45
BRDA:38,4,0,52
BRDA:38,4,1,0
BRDA:39,5,0,29
BRDA:39,5,1,23
BRDA:56,6,0,0
BRDA:56,6,1,0
BRDA:63,7,0,5
BRDA:63,7,1,34
BRDA:72,8,0,0
BRDA:72,8,1,17
BRDA:76,9,0,0
BRDA:76,9,1,17
BRDA:79,10,0,0
BRDA:79,10,1,17
BRDA:89,11,0,17
BRDA:89,11,1,34
BRDA:92,12,0,8
BRDA:92,12,1,43
BRF:24
BRH:18
end_of_record
TN:
SF:/Users/mk/workspace/fragments-user/lib/factories/api-current-user-delete.js
FN:1,(anonymous_1)
FN:2,(anonymous_2)
FN:6,(anonymous_3)
FNF:3
FNH:3
FNDA:10,(anonymous_1)
FNDA:2,(anonymous_2)
FNDA:1,(anonymous_3)
DA:1,1
DA:2,10
DA:3,2
DA:4,1
DA:6,1
DA:7,1
LF:6
LH:6
BRDA:3,1,0,1
BRDA:3,1,1,1
BRF:2
BRH:2
end_of_record
TN:
SF:/Users/mk/workspace/fragments-user/lib/factories/api-current-user-get.js
FN:1,(anonymous_1)
FN:2,(anonymous_2)
FNF:2
FNH:2
FNDA:10,(anonymous_1)
FNDA:6,(anonymous_2)
DA:1,1
DA:2,10
DA:3,6
DA:4,2
DA:6,4
LF:5
LH:5
BRDA:3,1,0,2
BRDA:3,1,1,4
BRF:2
BRH:2
end_of_record
TN:
SF:/Users/mk/workspace/fragments-user/lib/factories/api-current-user-patch.js
FN:1,(anonymous_1)
FN:2,(anonymous_2)
FN:6,(anonymous_3)
FN:11,(anonymous_4)
FNF:4
FNH:4
FNDA:10,(anonymous_1)
FNDA:7,(anonymous_2)
FNDA:6,(anonymous_3)
FNDA:2,(anonymous_4)
DA:1,1
DA:2,10
DA:3,7
DA:4,1
DA:6,6
DA:7,6
DA:8,4
DA:10,2
DA:11,2
DA:12,2
LF:10
LH:10
BRDA:3,1,0,1
BRDA:3,1,1,6
BRDA:7,2,0,4
BRDA:7,2,1,2
BRF:4
BRH:4
end_of_record
TN:
SF:/Users/mk/workspace/fragments-user/lib/factories/api-login-post.js
FN:1,(anonymous_1)
FN:2,(anonymous_2)
FN:9,(anonymous_3)
FNF:3
FNH:3
FNDA:10,(anonymous_1)
FNDA:16,(anonymous_2)
FNDA:14,(anonymous_3)
DA:1,1
DA:2,10
DA:3,16
DA:4,16
DA:5,16
DA:6,2
DA:7,2
DA:9,14
DA:10,14
DA:11,14
DA:12,3
DA:13,3
DA:15,11
DA:18,11
LF:14
LH:14
BRDA:5,1,0,2
BRDA:5,1,1,14
BRDA:11,2,0,3
BRDA:11,2,1,11
BRF:4
BRH:4
end_of_record
TN:
SF:/Users/mk/workspace/fragments-user/lib/factories/api-signup-post.js
FN:1,(anonymous_1)
FN:2,(anonymous_2)
FN:3,(anonymous_3)
FN:7,(anonymous_4)
FNF:4
FNH:4
FNDA:10,(anonymous_1)
FNDA:6,(anonymous_2)
FNDA:6,(anonymous_3)
FNDA:1,(anonymous_4)
DA:1,1
DA:2,10
DA:3,6
DA:4,6
DA:5,5
DA:7,1
DA:8,1
LF:7
LH:7
BRDA:4,1,0,5
BRDA:4,1,1,1
BRF:2
BRH:2
end_of_record
TN:
SF:/Users/mk/workspace/fragments-user/lib/factories/api-user-delete.js
FN:1,(anonymous_1)
FN:2,(anonymous_2)
FN:9,(anonymous_3)
FNF:3
FNH:3
FNDA:10,(anonymous_1)
FNDA:7,(anonymous_2)
FNDA:3,(anonymous_3)
DA:1,1
DA:2,10
DA:3,7
DA:4,1
DA:6,6
DA:7,3
DA:9,3
DA:10,3
DA:11,1
DA:13,2
LF:10
LH:10
BRDA:3,1,0,1
BRDA:3,1,1,6
BRDA:6,2,0,3
BRDA:6,2,1,3
BRDA:6,3,0,6
BRDA:6,3,1,4
BRDA:10,4,0,1
BRDA:10,4,1,2
BRF:8
BRH:8
end_of_record
TN:
SF:/Users/mk/workspace/fragments-user/lib/factories/api-user-get.js
FN:1,(anonymous_1)
FN:2,(anonymous_2)
FN:9,(anonymous_3)
FNF:3
FNH:3
FNDA:10,(anonymous_1)
FNDA:7,(anonymous_2)
FNDA:3,(anonymous_3)
DA:1,1
DA:2,10
DA:3,7
DA:4,1
DA:6,6
DA:7,3
DA:9,3
DA:10,3
DA:11,2
DA:13,1
LF:10
LH:10
BRDA:3,1,0,1
BRDA:3,1,1,6
BRDA:6,2,0,3
BRDA:6,2,1,3
BRDA:6,3,0,6
BRDA:6,3,1,4
BRDA:10,4,0,2
BRDA:10,4,1,1
BRF:8
BRH:8
end_of_record
TN:
SF:/Users/mk/workspace/fragments-user/lib/factories/api-user-patch.js
FN:1,(anonymous_1)
FN:2,(anonymous_2)
FN:9,(anonymous_3)
FN:13,(anonymous_4)
FNF:4
FNH:4
FNDA:10,(anonymous_1)
FNDA:12,(anonymous_2)
FNDA:8,(anonymous_3)
FNDA:4,(anonymous_4)
DA:1,1
DA:2,10
DA:3,12
DA:4,1
DA:6,11
DA:7,3
DA:9,8
DA:10,8
DA:11,4
DA:13,4
DA:14,4
DA:15,1
DA:17,3
LF:13
LH:13
BRDA:3,1,0,1
BRDA:3,1,1,11
BRDA:6,2,0,3
BRDA:6,2,1,8
BRDA:6,3,0,11
BRDA:6,3,1,9
BRDA:10,4,0,4
BRDA:10,4,1,4
BRDA:14,5,0,1
BRDA:14,5,1,3
BRF:10
BRH:10
end_of_record
TN:
SF:/Users/mk/workspace/fragments-user/lib/factories/api-users-get.js
FN:1,(anonymous_1)
FN:2,(anonymous_2)
FN:28,(anonymous_3)
FNF:3
FNH:3
FNDA:10,(anonymous_1)
FNDA:5,(anonymous_2)
FNDA:2,(anonymous_3)
DA:1,1
DA:2,10
DA:3,5
DA:4,5
DA:5,1
DA:7,4
DA:8,1
DA:10,3
DA:11,3
DA:12,3
DA:13,3
DA:18,3
DA:19,3
DA:20,3
DA:21,3
DA:22,3
DA:23,1
DA:28,2
DA:29,2
LF:19
LH:19
BRDA:4,1,0,1
BRDA:4,1,1,4
BRDA:7,2,0,1
BRDA:7,2,1,3
BRDA:22,3,0,1
BRDA:22,3,1,2
BRF:6
BRH:6
end_of_record
TN:
SF:/Users/mk/workspace/fragments-user/lib/factories/api-users-post.js
FN:1,(anonymous_1)
FN:2,(anonymous_2)
FN:9,(anonymous_3)
FN:13,(anonymous_4)
FNF:4
FNH:4
FNDA:10,(anonymous_1)
FNDA:8,(anonymous_2)
FNDA:6,(anonymous_3)
FNDA:2,(anonymous_4)
DA:1,1
DA:2,10
DA:3,8
DA:4,1
DA:6,7
DA:7,1
DA:9,6
DA:10,6
DA:11,4
DA:13,2
DA:14,2
DA:15,2
LF:12
LH:12
BRDA:3,1,0,1
BRDA:3,1,1,7
BRDA:6,2,0,1
BRDA:6,2,1,6
BRDA:10,3,0,4
BRDA:10,3,1,2
BRF:6
BRH:6
end_of_record
TN:
SF:/Users/mk/workspace/fragments-user/lib/factories/api-waitlist-post.js
FN:1,(anonymous_1)
FN:2,(anonymous_2)
FN:3,(anonymous_3)
FN:7,(anonymous_4)
FNF:4
FNH:0
FNDA:0,(anonymous_1)
FNDA:0,(anonymous_2)
FNDA:0,(anonymous_3)
FNDA:0,(anonymous_4)
DA:1,1
DA:2,0
DA:3,0
DA:4,0
DA:5,0
DA:7,0
DA:8,0
LF:7
LH:1
BRDA:4,1,0,0
BRDA:4,1,1,0
BRF:2
BRH:0
end_of_record
TN:
SF:/Users/mk/workspace/fragments-user/lib/factories/command.js
FN:1,(anonymous_1)
FN:2,(anonymous_2)
FN:3,(anonymous_3)
FN:6,(anonymous_4)
FN:8,(anonymous_5)
FN:10,(anonymous_6)
FN:29,(anonymous_7)
FN:30,(anonymous_8)
FN:35,(anonymous_9)
FN:43,(anonymous_10)
FN:45,(anonymous_11)
FN:47,(anonymous_12)
FN:59,(anonymous_13)
FN:60,(anonymous_14)
FN:65,(anonymous_15)
FN:66,(anonymous_16)
FN:68,(anonymous_17)
FN:70,(anonymous_18)
FN:86,(anonymous_19)
FN:87,(anonymous_20)
FN:92,(anonymous_21)
FN:93,(anonymous_22)
FN:95,(anonymous_23)
FN:97,(anonymous_24)
FN:117,(anonymous_25)
FN:118,(anonymous_26)
FN:123,(anonymous_27)
FN:124,(anonymous_28)
FN:126,(anonymous_29)
FN:128,(anonymous_30)
FN:144,(anonymous_31)
FN:145,(anonymous_32)
FN:150,(anonymous_33)
FN:151,(anonymous_34)
FN:153,(anonymous_35)
FN:155,(anonymous_36)
FN:171,(anonymous_37)
FN:172,(anonymous_38)
FN:174,(anonymous_39)
FN:186,(anonymous_40)
FN:187,(anonymous_41)
FN:189,(anonymous_42)
FN:191,(anonymous_43)
FNF:43
FNH:30
FNDA:2,(anonymous_1)
FNDA:2,(anonymous_2)
FNDA:2,(anonymous_3)
FNDA:2,(anonymous_4)
FNDA:2,(anonymous_5)
FNDA:2,(anonymous_6)
FNDA:1,(anonymous_7)
FNDA:1,(anonymous_8)
FNDA:1,(anonymous_9)
FNDA:1,(anonymous_10)
FNDA:1,(anonymous_11)
FNDA:1,(anonymous_12)
FNDA:1,(anonymous_13)
FNDA:1,(anonymous_14)
FNDA:1,(anonymous_15)
FNDA:1,(anonymous_16)
FNDA:1,(anonymous_17)
FNDA:1,(anonymous_18)
FNDA:1,(anonymous_19)
FNDA:1,(anonymous_20)
FNDA:1,(anonymous_21)
FNDA:1,(anonymous_22)
FNDA:1,(anonymous_23)
FNDA:1,(anonymous_24)
FNDA:0,(anonymous_25)
FNDA:0,(anonymous_26)
FNDA:0,(anonymous_27)
FNDA:0,(anonymous_28)
FNDA:0,(anonymous_29)
FNDA:0,(anonymous_30)
FNDA:0,(anonymous_31)
FNDA:0,(anonymous_32)
FNDA:0,(anonymous_33)
FNDA:0,(anonymous_34)
FNDA:0,(anonymous_35)
FNDA:0,(anonymous_36)
FNDA:1,(anonymous_37)
FNDA:1,(anonymous_38)
FNDA:0,(anonymous_39)
FNDA:1,(anonymous_40)
FNDA:1,(anonymous_41)
FNDA:1,(anonymous_42)
FNDA:1,(anonymous_43)
DA:1,1
DA:2,2
DA:3,2
DA:4,2
DA:5,2
DA:6,2
DA:7,2
DA:9,2
DA:11,2
DA:12,1
DA:13,1
DA:14,1
DA:15,1
DA:16,1
DA:18,0
DA:20,2
DA:21,2
DA:27,1
DA:29,1
DA:30,1
DA:31,1
DA:32,0
DA:33,0
DA:35,1
DA:36,1
DA:37,1
DA:43,1
DA:44,1
DA:46,1
DA:48,1
DA:49,1
DA:50,1
DA:51,1
DA:57,1
DA:59,1
DA:60,1
DA:61,1
DA:62,0
DA:63,0
DA:65,1
DA:66,1
DA:67,1
DA:69,1
DA:71,1
DA:72,1
DA:73,1
DA:75,0
DA:77,1
DA:78,1
DA:84,1
DA:86,1
DA:87,1
DA:88,1
DA:89,0
DA:90,0
DA:92,1
DA:93,1
DA:94,1
DA:96,1
DA:98,1
DA:99,1
DA:100,1
DA:101,1
DA:102,1
DA:103,1
DA:104,1
DA:106,0
DA:107,0
DA:108,0
DA:115,1
DA:117,1
DA:118,0
DA:119,0
DA:120,0
DA:121,0
DA:123,0
DA:124,0
DA:125,0
DA:127,0
DA:129,0
DA:130,0
DA:131,0
DA:133,0
DA:135,0
DA:136,0
DA:142,1
DA:144,1
DA:145,0
DA:146,0
DA:147,0
DA:148,0
DA:150,0
DA:151,0
DA:152,0
DA:154,0
DA:156,0
DA:157,0
DA:158,0
DA:160,0
DA:162,0
DA:163,0
DA:169,1
DA:171,1
DA:172,1
DA:173,1
DA:174,1
DA:175,0
DA:177,1
DA:178,0
DA:179,0
DA:181,1
DA:182,1
DA:183,0
DA:184,0
DA:186,1
DA:187,1
DA:188,1
DA:190,1
DA:192,1
DA:193,1
DA:199,1
LF:121
LH:77
BRDA:5,1,0,1
BRDA:5,1,1,1
BRDA:11,2,0,1
BRDA:11,2,1,1
BRDA:14,3,0,1
BRDA:14,3,1,0
BRDA:31,4,0,0
BRDA:31,4,1,1
BRDA:31,5,0,1
BRDA:31,5,1,1
BRDA:31,5,2,1
BRDA:61,6,0,0
BRDA:61,6,1,1
BRDA:71,7,0,1
BRDA:71,7,1,0
BRDA:88,8,0,0
BRDA:88,8,1,1
BRDA:99,9,0,1
BRDA:99,9,1,0
BRDA:119,10,0,0
BRDA:119,10,1,0
BRDA:119,11,0,0
BRDA:119,11,1,0
BRDA:129,12,0,0
BRDA:129,12,1,0
BRDA:146,13,0,0
BRDA:146,13,1,0
BRDA:146,14,0,0
BRDA:146,14,1,0
BRDA:156,15,0,0
BRDA:156,15,1,0
BRDA:177,16,0,0
BRDA:177,16,1,1
BRDA:182,17,0,0
BRDA:182,17,1,1
BRF:35
BRH:15
end_of_record
TN:
SF:/Users/mk/workspace/fragments-user/lib/factories/fake.js
FN:1,(anonymous_1)
FN:2,(anonymous_2)
FN:12,(anonymous_3)
FN:13,(anonymous_4)
FN:15,(anonymous_5)
FNF:5
FNH:5
FNDA:5,(anonymous_1)
FNDA:16,(anonymous_2)
FNDA:5,(anonymous_3)
FNDA:5,(anonymous_4)
FNDA:5,(anonymous_5)
DA:1,1
DA:2,5
DA:3,16
DA:12,1
DA:13,5
DA:14,5
DA:15,5
DA:16,5
DA:17,16
DA:18,5
DA:20,5
LF:11
LH:11
BRDA:17,1,0,21
BRDA:17,1,1,0
BRDA:17,2,0,16
BRDA:17,2,1,0
BRF:4
BRH:2
end_of_record
TN:
SF:/Users/mk/workspace/fragments-user/lib/factories/persistence.js
FN:1,(anonymous_1)
FN:3,(anonymous_2)
FN:13,(anonymous_3)
FN:14,(anonymous_4)
FN:23,(anonymous_5)
FN:24,(anonymous_6)
FN:33,(anonymous_7)
FN:37,(anonymous_8)
FN:48,(anonymous_9)
FN:49,(anonymous_10)
FN:56,(anonymous_11)
FN:57,(anonymous_12)
FN:66,(anonymous_13)
FN:67,(anonymous_14)
FNF:14
FNH:12
FNDA:12,(anonymous_1)
FNDA:43,(anonymous_2)
FNDA:11,(anonymous_3)
FNDA:24,(anonymous_4)
FNDA:10,(anonymous_5)
FNDA:14,(anonymous_6)
FNDA:14,(anonymous_7)
FNDA:12,(anonymous_8)
FNDA:2,(anonymous_9)
FNDA:6,(anonymous_10)
FNDA:6,(anonymous_11)
FNDA:14,(anonymous_12)
FNDA:0,(anonymous_13)
FNDA:0,(anonymous_14)
DA:1,1
DA:2,12
DA:3,12
DA:4,43
DA:5,5
DA:7,38
DA:10,12
DA:13,1
DA:14,11
DA:15,24
DA:16,24
DA:17,2
DA:19,24
DA:23,1
DA:24,10
DA:25,14
DA:34,14
DA:35,2
DA:37,12
DA:38,12
DA:39,11
DA:41,1
DA:48,1
DA:49,2
DA:50,6
DA:56,1
DA:57,6
DA:58,14
DA:66,1
DA:67,0
DA:68,0
LF:31
LH:29
BRDA:4,1,0,5
BRDA:4,1,1,38
BRDA:16,2,0,2
BRDA:16,2,1,22
BRDA:34,3,0,2
BRDA:34,3,1,12
BRDA:38,4,0,11
BRDA:38,4,1,1
BRF:8
BRH:8
end_of_record
TN:
SF:/Users/mk/workspace/fragments-user/lib/factories/require.js
FN:1,(anonymous_1)
FN:5,(anonymous_2)
FN:9,(anonymous_3)
FN:13,(anonymous_4)
FN:17,(anonymous_5)
FNF:5
FNH:5
FNDA:10,(anonymous_1)
FNDA:5,(anonymous_2)
FNDA:1,(anonymous_3)
FNDA:10,(anonymous_4)
FNDA:6,(anonymous_5)
DA:1,1
DA:2,10
DA:5,1
DA:6,5
DA:9,1
DA:10,1
DA:13,1
DA:14,10
DA:17,1
DA:18,6
LF:10
LH:10
BRF:0
BRH:0
end_of_record
TN:
SF:/Users/mk/workspace/fragments-user/lib/factories/response.js
FN:1,(anonymous_1)
FN:5,(anonymous_2)
FN:6,(anonymous_3)
FN:11,(anonymous_4)
FN:15,(anonymous_5)
FN:16,(anonymous_6)
FNF:6
FNH:6
FNDA:10,(anonymous_1)
FNDA:54,(anonymous_2)
FNDA:9,(anonymous_3)
FNDA:5,(anonymous_4)
FNDA:39,(anonymous_5)
FNDA:11,(anonymous_6)
DA:1,1
DA:2,10
DA:5,1
DA:6,54
DA:7,9
DA:11,1
DA:12,5
DA:15,1
DA:16,39
DA:17,11
LF:10
LH:10
BRF:0
BRH:0
end_of_record
TN:
SF:/Users/mk/workspace/fragments-user/lib/factories/right-parser.js
FN:1,(anonymous_1)
FN:14,(anonymous_2)
FN:15,(anonymous_3)
FNF:3
FNH:3
FNDA:6,(anonymous_1)
FNDA:6,(anonymous_2)
FNDA:68,(anonymous_3)
DA:1,1
DA:2,6
DA:3,6
DA:4,6
DA:5,6
DA:6,6
DA:7,6
DA:8,6
DA:9,6
DA:10,6
DA:11,6
DA:14,1
DA:15,6
DA:16,68
DA:17,68
DA:18,68
DA:19,3
DA:21,65
DA:22,8
DA:24,57
DA:27,57
DA:28,57
DA:30,57
LF:23
LH:23
BRDA:18,1,0,3
BRDA:18,1,1,65
BRDA:21,2,0,8
BRDA:21,2,1,57
BRDA:27,3,0,57
BRDA:27,3,1,0
BRF:6
BRH:5
end_of_record
TN:
SF:/Users/mk/workspace/fragments-user/lib/factories/server.js
FN:1,(anonymous_1)
FN:3,(anonymous_2)
FNF:2
FNH:1
FNDA:10,(anonymous_1)
FNDA:0,(anonymous_2)
DA:1,1
DA:2,10
DA:4,0
LF:3
LH:2
BRF:0
BRH:0
end_of_record
TN:
SF:/Users/mk/workspace/fragments-user/lib/factories/table.js
FN:1,(anonymous_1)
FNF:1
FNH:1
FNDA:16,(anonymous_1)
DA:1,1
DA:2,16
LF:2
LH:2
BRF:0
BRH:0
end_of_record
TN:
SF:/Users/mk/workspace/fragments-user/lib/factories/url.js
FN:1,(anonymous_1)
FN:2,(anonymous_2)
FN:3,(anonymous_3)
FN:13,(anonymous_4)
FN:17,(anonymous_5)
FN:18,(anonymous_6)
FN:23,(anonymous_7)
FN:24,(anonymous_8)
FN:29,(anonymous_9)
FN:30,(anonymous_10)
FN:35,(anonymous_11)
FNF:11
FNH:11
FNDA:10,(anonymous_1)
FNDA:20,(anonymous_2)
FNDA:200,(anonymous_3)
FNDA:10,(anonymous_4)
FNDA:10,(anonymous_5)
FNDA:36,(anonymous_6)
FNDA:10,(anonymous_7)
FNDA:16,(anonymous_8)
FNDA:10,(anonymous_9)
FNDA:45,(anonymous_10)
FNDA:10,(anonymous_11)
DA:1,1
DA:2,10
DA:3,20
DA:4,200
DA:5,167
DA:7,33
DA:13,1
DA:14,10
DA:17,1
DA:18,10
DA:19,36
DA:23,1
DA:24,10
DA:25,16
DA:29,1
DA:30,10
DA:31,45
DA:35,1
DA:36,10
LF:19
LH:19
BRDA:4,1,0,167
BRDA:4,1,1,33
BRF:2
BRH:2
end_of_record
TN:
SF:/Users/mk/workspace/fragments-user/lib/factories/validation.js
FN:1,(anonymous_1)
FN:8,(anonymous_2)
FN:9,(anonymous_3)
FN:11,(anonymous_4)
FN:12,(anonymous_5)
FN:22,(anonymous_6)
FN:23,(anonymous_7)
FN:37,(anonymous_8)
FN:45,(anonymous_9)
FN:47,(anonymous_10)
FN:55,(anonymous_11)
FN:59,(anonymous_12)
FN:65,(anonymous_13)
FN:66,(anonymous_14)
FN:71,(anonymous_15)
FN:72,(anonymous_16)
FNF:16
FNH:16
FNDA:10,(anonymous_1)
FNDA:4,(anonymous_2)
FNDA:16,(anonymous_3)
FNDA:21,(anonymous_4)
FNDA:21,(anonymous_5)
FNDA:21,(anonymous_6)
FNDA:21,(anonymous_7)
FNDA:4,(anonymous_8)
FNDA:2,(anonymous_9)
FNDA:12,(anonymous_10)
FNDA:1,(anonymous_11)
FNDA:1,(anonymous_12)
FNDA:1,(anonymous_13)
FNDA:6,(anonymous_14)
FNDA:1,(anonymous_15)
FNDA:8,(anonymous_16)
DA:1,1
DA:2,10
DA:8,1
DA:9,4
DA:10,16
DA:12,21
DA:13,21
DA:14,9
DA:16,12
DA:17,4
DA:19,8
DA:23,21
DA:24,21
DA:25,9
DA:27,12
DA:28,4
DA:30,8
DA:37,1
DA:38,4
DA:45,1
DA:46,2
DA:48,12
DA:49,2
DA:55,1
DA:56,1
DA:59,1
DA:60,1
DA:65,1
DA:66,1
DA:67,6
DA:71,1
DA:72,1
DA:73,8
LF:33
LH:33
BRDA:13,1,0,9
BRDA:13,1,1,12
BRDA:16,2,0,4
BRDA:16,2,1,8
BRDA:16,3,0,12
BRDA:16,3,1,8
BRDA:24,4,0,9
BRDA:24,4,1,12
BRDA:27,5,0,4
BRDA:27,5,1,8
BRDA:27,6,0,12
BRDA:27,6,1,8
BRDA:48,7,0,2
BRDA:48,7,1,10
BRF:14
BRH:14
end_of_record
